<?xml version="1.0" encoding="utf-8"?>
<CoverageSession>
  <Summary numSequencePoints="3468" visitedSequencePoints="313" numBranchPoints="180" visitedBranchPoints="36" sequenceCoverage="9.02" branchCoverage="20" maxCyclomaticComplexity="245" minCyclomaticComplexity="3" visitedClasses="41" numClasses="99" visitedMethods="105" numMethods="254" />
  <Modules>
    <Module hash="0364766E-CDB4-4649-A172-648F7C0CA81D">
      <ModulePath>FilmKirala.Application.dll</ModulePath>
      <ModuleTime>2026-02-17T02:02:56</ModuleTime>
      <ModuleName>FilmKirala.Application</ModuleName>
      <Files>
        <File uid="1" fullPath="C:\Users\sebahattin\Desktop\Dengeage\3.Hafta\FilmKirala\FilmKirala\FilmKirala.Application\obj\Debug\net9.0\MessagePack.SourceGenerator\MessagePack.SourceGenerator.MessagePackGenerator\MessagePack.GeneratedMessagePackResolver.g.cs" />
        <File uid="2" fullPath="C:\Users\sebahattin\Desktop\Dengeage\3.Hafta\FilmKirala\FilmKirala\FilmKirala.Application\obj\Debug\net9.0\MessagePack.SourceGenerator\MessagePack.SourceGenerator.MessagePackGenerator\Formatters.MessagePack.GeneratedMessagePackResolver.FilmKirala.Application.DTOs.CreateMovieDtoFormatter.g.cs" />
        <File uid="3" fullPath="C:\Users\sebahattin\Desktop\Dengeage\3.Hafta\FilmKirala\FilmKirala\FilmKirala.Application\obj\Debug\net9.0\MessagePack.SourceGenerator\MessagePack.SourceGenerator.MessagePackGenerator\Formatters.MessagePack.GeneratedMessagePackResolver.FilmKirala.Application.DTOs.CreateReviewDtoFormatter.g.cs" />
        <File uid="4" fullPath="C:\Users\sebahattin\Desktop\Dengeage\3.Hafta\FilmKirala\FilmKirala\FilmKirala.Application\obj\Debug\net9.0\MessagePack.SourceGenerator\MessagePack.SourceGenerator.MessagePackGenerator\Formatters.MessagePack.GeneratedMessagePackResolver.FilmKirala.Application.DTOs.MovieDetailDtoFormatter.g.cs" />
        <File uid="5" fullPath="C:\Users\sebahattin\Desktop\Dengeage\3.Hafta\FilmKirala\FilmKirala\FilmKirala.Application\obj\Debug\net9.0\MessagePack.SourceGenerator\MessagePack.SourceGenerator.MessagePackGenerator\Formatters.MessagePack.GeneratedMessagePackResolver.FilmKirala.Application.DTOs.MovieListDtoFormatter.g.cs" />
        <File uid="6" fullPath="C:\Users\sebahattin\Desktop\Dengeage\3.Hafta\FilmKirala\FilmKirala\FilmKirala.Application\obj\Debug\net9.0\MessagePack.SourceGenerator\MessagePack.SourceGenerator.MessagePackGenerator\Formatters.MessagePack.GeneratedMessagePackResolver.FilmKirala.Application.DTOs.PricingDtoFormatter.g.cs" />
        <File uid="7" fullPath="C:\Users\sebahattin\Desktop\Dengeage\3.Hafta\FilmKirala\FilmKirala\FilmKirala.Application\obj\Debug\net9.0\MessagePack.SourceGenerator\MessagePack.SourceGenerator.MessagePackGenerator\Formatters.MessagePack.GeneratedMessagePackResolver.FilmKirala.Application.DTOs.ReviewDtoFormatter.g.cs" />
        <File uid="8" fullPath="C:\Users\sebahattin\Desktop\Dengeage\3.Hafta\FilmKirala\FilmKirala\FilmKirala.Application\obj\Debug\net9.0\MessagePack.SourceGenerator\MessagePack.SourceGenerator.MessagePackGenerator\Formatters.MessagePack.GeneratedMessagePackResolver.FilmKirala.Application.DTOs.UpdateMovieDtoFormatter.g.cs" />
        <File uid="9" fullPath="C:\Users\sebahattin\Desktop\Dengeage\3.Hafta\FilmKirala\FilmKirala\FilmKirala.Application\obj\Debug\net9.0\MessagePack.SourceGenerator\MessagePack.SourceGenerator.MessagePackGenerator\Formatters.MessagePack.GeneratedMessagePackResolver.FilmKirala.Domain.Enums.DurationTypeFormatter.g.cs" />
        <File uid="10" fullPath="C:\Users\sebahattin\Desktop\Dengeage\3.Hafta\FilmKirala\FilmKirala\FilmKirala.Application\Services\BusService.cs" />
        <File uid="11" fullPath="C:\Users\sebahattin\Desktop\Dengeage\3.Hafta\FilmKirala\FilmKirala\FilmKirala.Application\Services\CacheService.cs" />
        <File uid="12" fullPath="C:\Users\sebahattin\Desktop\Dengeage\3.Hafta\FilmKirala\FilmKirala\FilmKirala.Application\Validators\AuthValidators.cs" />
        <File uid="13" fullPath="C:\Users\sebahattin\Desktop\Dengeage\3.Hafta\FilmKirala\FilmKirala\FilmKirala.Application\Validators\CreateReviewDtoValidator.cs" />
        <File uid="14" fullPath="C:\Users\sebahattin\Desktop\Dengeage\3.Hafta\FilmKirala\FilmKirala\FilmKirala.Application\Validators\MovieValidators.cs" />
        <File uid="15" fullPath="C:\Users\sebahattin\Desktop\Dengeage\3.Hafta\FilmKirala\FilmKirala\FilmKirala.Application\Validators\RentRequestDtoValidator.cs" />
        <File uid="16" fullPath="C:\Users\sebahattin\Desktop\Dengeage\3.Hafta\FilmKirala\FilmKirala\FilmKirala.Application\Services\AuthService.cs" />
        <File uid="17" fullPath="C:\Users\sebahattin\Desktop\Dengeage\3.Hafta\FilmKirala\FilmKirala\FilmKirala.Application\Services\MovieService.cs" />
        <File uid="18" fullPath="C:\Users\sebahattin\Desktop\Dengeage\3.Hafta\FilmKirala\FilmKirala\FilmKirala.Application\Services\RentalService.cs" />
        <File uid="19" fullPath="C:\Users\sebahattin\Desktop\Dengeage\3.Hafta\FilmKirala\FilmKirala\FilmKirala.Application\Services\ReviewService.cs" />
        <File uid="20" fullPath="C:\Users\sebahattin\Desktop\Dengeage\3.Hafta\FilmKirala\FilmKirala\FilmKirala.Application\Mappings\MappingProfile.cs" />
        <File uid="21" fullPath="C:\Users\sebahattin\Desktop\Dengeage\3.Hafta\FilmKirala\FilmKirala\FilmKirala.Application\DTOs\AuthDtos.cs" />
        <File uid="22" fullPath="C:\Users\sebahattin\Desktop\Dengeage\3.Hafta\FilmKirala\FilmKirala\FilmKirala.Application\DTOs\MovieDtos.cs" />
        <File uid="23" fullPath="C:\Users\sebahattin\Desktop\Dengeage\3.Hafta\FilmKirala\FilmKirala\FilmKirala.Application\DTOs\RentalDtos.cs" />
        <File uid="24" fullPath="C:\Users\sebahattin\Desktop\Dengeage\3.Hafta\FilmKirala\FilmKirala\FilmKirala.Application\DTOs\ReviewDtos.cs" />
        <File uid="25" fullPath="C:\Users\sebahattin\Desktop\Dengeage\3.Hafta\FilmKirala\FilmKirala\FilmKirala.Application\DTOs\UpdateBalanceDto.cs" />
      </Files>
      <Classes>
        <Class>
          <Summary numSequencePoints="7" visitedSequencePoints="0" numBranchPoints="0" visitedBranchPoints="0" sequenceCoverage="0" branchCoverage="100" maxCyclomaticComplexity="1" minCyclomaticComplexity="1" visitedClasses="0" numClasses="1" visitedMethods="0" numMethods="3" />
          <FullName>MessagePack.GeneratedMessagePackResolver</FullName>
          <Methods>
            <Method cyclomaticComplexity="1" nPathComplexity="1" sequenceCoverage="0" branchCoverage="100" isConstructor="False" isGetter="False" isSetter="False" isStatic="True">
              <Summary numSequencePoints="3" visitedSequencePoints="0" numBranchPoints="0" visitedBranchPoints="0" sequenceCoverage="0" branchCoverage="100" maxCyclomaticComplexity="1" minCyclomaticComplexity="1" visitedClasses="0" numClasses="0" visitedMethods="0" numMethods="1" />
              <MetadataToken />
              <Name>MessagePack.Formatters.IMessagePackFormatter`1&lt;T&gt; MessagePack.GeneratedMessagePackResolver::GetFormatter()</Name>
              <FileRef uid="1" />
              <SequencePoints>
                <SequencePoint vc="0" uspid="22" ordinal="0" sl="22" sc="1" el="22" ec="2" bec="0" bev="0" fileid="1" />
                <SequencePoint vc="0" uspid="23" ordinal="1" sl="23" sc="1" el="23" ec="2" bec="0" bev="0" fileid="1" />
                <SequencePoint vc="0" uspid="24" ordinal="2" sl="24" sc="1" el="24" ec="2" bec="0" bev="0" fileid="1" />
              </SequencePoints>
              <BranchPoints />
              <MethodPoint vc="0" uspid="0" p8:type="SequencePoint" ordinal="0" offset="0" sc="0" sl="22" ec="1" el="24" bec="0" bev="0" fileid="1" xmlns:p8="xsi" />
            </Method>
            <Method cyclomaticComplexity="1" nPathComplexity="1" sequenceCoverage="0" branchCoverage="100" isConstructor="True" isGetter="False" isSetter="False" isStatic="True">
              <Summary numSequencePoints="3" visitedSequencePoints="0" numBranchPoints="0" visitedBranchPoints="0" sequenceCoverage="0" branchCoverage="100" maxCyclomaticComplexity="1" minCyclomaticComplexity="1" visitedClasses="0" numClasses="0" visitedMethods="0" numMethods="1" />
              <MetadataToken />
              <Name>System.Void MessagePack.GeneratedMessagePackResolver::.ctor()</Name>
              <FileRef uid="1" />
              <SequencePoints>
                <SequencePoint vc="0" uspid="17" ordinal="0" sl="17" sc="1" el="17" ec="2" bec="0" bev="0" fileid="1" />
                <SequencePoint vc="0" uspid="18" ordinal="1" sl="18" sc="1" el="18" ec="2" bec="0" bev="0" fileid="1" />
                <SequencePoint vc="0" uspid="19" ordinal="2" sl="19" sc="1" el="19" ec="2" bec="0" bev="0" fileid="1" />
              </SequencePoints>
              <BranchPoints />
              <MethodPoint vc="0" uspid="0" p8:type="SequencePoint" ordinal="1" offset="1" sc="0" sl="17" ec="1" el="19" bec="0" bev="0" fileid="1" xmlns:p8="xsi" />
            </Method>
            <Method cyclomaticComplexity="1" nPathComplexity="1" sequenceCoverage="0" branchCoverage="100" isConstructor="True" isGetter="False" isSetter="False" isStatic="True">
              <Summary numSequencePoints="1" visitedSequencePoints="0" numBranchPoints="0" visitedBranchPoints="0" sequenceCoverage="0" branchCoverage="100" maxCyclomaticComplexity="1" minCyclomaticComplexity="1" visitedClasses="0" numClasses="0" visitedMethods="0" numMethods="1" />
              <MetadataToken />
              <Name>System.Void MessagePack.GeneratedMessagePackResolver::.cctor()</Name>
              <FileRef uid="1" />
              <SequencePoints>
                <SequencePoint vc="0" uspid="15" ordinal="0" sl="15" sc="1" el="15" ec="2" bec="0" bev="0" fileid="1" />
              </SequencePoints>
              <BranchPoints />
              <MethodPoint vc="0" uspid="0" p8:type="SequencePoint" ordinal="2" offset="2" sc="0" sl="15" ec="1" el="15" bec="0" bev="0" fileid="1" xmlns:p8="xsi" />
            </Method>
          </Methods>
        </Class>
        <Class>
          <Summary numSequencePoints="7" visitedSequencePoints="0" numBranchPoints="2" visitedBranchPoints="0" sequenceCoverage="0" branchCoverage="0" maxCyclomaticComplexity="2" minCyclomaticComplexity="2" visitedClasses="0" numClasses="1" visitedMethods="0" numMethods="1" />
          <FullName>MessagePack.GeneratedMessagePackResolver/FormatterCache`1</FullName>
          <Methods>
            <Method cyclomaticComplexity="2" nPathComplexity="2" sequenceCoverage="0" branchCoverage="0" isConstructor="True" isGetter="False" isSetter="False" isStatic="True">
              <Summary numSequencePoints="7" visitedSequencePoints="0" numBranchPoints="2" visitedBranchPoints="0" sequenceCoverage="0" branchCoverage="0" maxCyclomaticComplexity="2" minCyclomaticComplexity="2" visitedClasses="0" numClasses="0" visitedMethods="0" numMethods="1" />
              <MetadataToken />
              <Name>System.Void MessagePack.GeneratedMessagePackResolver/FormatterCache`1::.cctor()</Name>
              <FileRef uid="1" />
              <SequencePoints>
                <SequencePoint vc="0" uspid="31" ordinal="0" sl="31" sc="1" el="31" ec="2" bec="0" bev="0" fileid="1" />
                <SequencePoint vc="0" uspid="32" ordinal="1" sl="32" sc="1" el="32" ec="2" bec="0" bev="0" fileid="1" />
                <SequencePoint vc="0" uspid="33" ordinal="2" sl="33" sc="1" el="33" ec="2" bec="2" bev="0" fileid="1" />
                <SequencePoint vc="0" uspid="34" ordinal="3" sl="34" sc="1" el="34" ec="2" bec="0" bev="0" fileid="1" />
                <SequencePoint vc="0" uspid="35" ordinal="4" sl="35" sc="1" el="35" ec="2" bec="0" bev="0" fileid="1" />
                <SequencePoint vc="0" uspid="36" ordinal="5" sl="36" sc="1" el="36" ec="2" bec="0" bev="0" fileid="1" />
                <SequencePoint vc="0" uspid="37" ordinal="6" sl="37" sc="1" el="37" ec="2" bec="0" bev="0" fileid="1" />
              </SequencePoints>
              <BranchPoints>
                <BranchPoint vc="0" uspid="33" ordinal="0" path="0" offset="23" offsetend="25" sl="33" fileid="1" />
                <BranchPoint vc="0" uspid="33" ordinal="1" path="1" offset="23" offsetend="38" sl="33" fileid="1" />
              </BranchPoints>
              <MethodPoint vc="0" uspid="0" p8:type="SequencePoint" ordinal="0" offset="0" sc="0" sl="31" ec="1" el="37" bec="0" bev="0" fileid="1" xmlns:p8="xsi" />
            </Method>
          </Methods>
        </Class>
        <Class>
          <Summary numSequencePoints="30" visitedSequencePoints="0" numBranchPoints="13" visitedBranchPoints="0" sequenceCoverage="0" branchCoverage="0" maxCyclomaticComplexity="13" minCyclomaticComplexity="1" visitedClasses="0" numClasses="1" visitedMethods="0" numMethods="2" />
          <FullName>MessagePack.GeneratedMessagePackResolver/GeneratedMessagePackResolverGetFormatterHelper</FullName>
          <Methods>
            <Method cyclomaticComplexity="13" nPathComplexity="13" sequenceCoverage="0" branchCoverage="0" isConstructor="False" isGetter="False" isSetter="False" isStatic="True">
              <Summary numSequencePoints="17" visitedSequencePoints="0" numBranchPoints="13" visitedBranchPoints="0" sequenceCoverage="0" branchCoverage="0" maxCyclomaticComplexity="13" minCyclomaticComplexity="13" visitedClasses="0" numClasses="0" visitedMethods="0" numMethods="1" />
              <MetadataToken />
              <Name>System.Object MessagePack.GeneratedMessagePackResolver/GeneratedMessagePackResolverGetFormatterHelper::GetFormatter(System.Type)</Name>
              <FileRef uid="1" />
              <SequencePoints>
                <SequencePoint vc="0" uspid="57" ordinal="0" sl="57" sc="1" el="57" ec="2" bec="0" bev="0" fileid="1" />
                <SequencePoint vc="0" uspid="58" ordinal="1" sl="58" sc="1" el="58" ec="2" bec="2" bev="0" fileid="1" />
                <SequencePoint vc="0" uspid="59" ordinal="2" sl="59" sc="1" el="59" ec="2" bec="0" bev="0" fileid="1" />
                <SequencePoint vc="0" uspid="60" ordinal="3" sl="60" sc="1" el="60" ec="2" bec="11" bev="0" fileid="1" />
                <SequencePoint vc="0" uspid="62" ordinal="4" sl="62" sc="1" el="62" ec="2" bec="0" bev="0" fileid="1" />
                <SequencePoint vc="0" uspid="63" ordinal="5" sl="63" sc="1" el="63" ec="2" bec="0" bev="0" fileid="1" />
                <SequencePoint vc="0" uspid="64" ordinal="6" sl="64" sc="1" el="64" ec="2" bec="0" bev="0" fileid="1" />
                <SequencePoint vc="0" uspid="65" ordinal="7" sl="65" sc="1" el="65" ec="2" bec="0" bev="0" fileid="1" />
                <SequencePoint vc="0" uspid="66" ordinal="8" sl="66" sc="1" el="66" ec="2" bec="0" bev="0" fileid="1" />
                <SequencePoint vc="0" uspid="67" ordinal="9" sl="67" sc="1" el="67" ec="2" bec="0" bev="0" fileid="1" />
                <SequencePoint vc="0" uspid="68" ordinal="10" sl="68" sc="1" el="68" ec="2" bec="0" bev="0" fileid="1" />
                <SequencePoint vc="0" uspid="69" ordinal="11" sl="69" sc="1" el="69" ec="2" bec="0" bev="0" fileid="1" />
                <SequencePoint vc="0" uspid="70" ordinal="12" sl="70" sc="1" el="70" ec="2" bec="0" bev="0" fileid="1" />
                <SequencePoint vc="0" uspid="71" ordinal="13" sl="71" sc="1" el="71" ec="2" bec="0" bev="0" fileid="1" />
                <SequencePoint vc="0" uspid="72" ordinal="14" sl="72" sc="1" el="72" ec="2" bec="0" bev="0" fileid="1" />
                <SequencePoint vc="0" uspid="76" ordinal="15" sl="76" sc="1" el="76" ec="2" bec="0" bev="0" fileid="1" />
                <SequencePoint vc="0" uspid="77" ordinal="16" sl="77" sc="1" el="77" ec="2" bec="0" bev="0" fileid="1" />
              </SequencePoints>
              <BranchPoints>
                <BranchPoint vc="0" uspid="58" ordinal="0" path="0" offset="16" offsetend="21" sl="58" fileid="1" />
                <BranchPoint vc="0" uspid="60" ordinal="3" path="1" offset="27" offsetend="74" sl="60" fileid="1" />
                <BranchPoint vc="0" uspid="60" ordinal="4" path="2" offset="27" offsetend="83" sl="60" fileid="1" />
                <BranchPoint vc="0" uspid="60" ordinal="5" path="3" offset="27" offsetend="92" sl="60" fileid="1" />
                <BranchPoint vc="0" uspid="60" ordinal="6" path="4" offset="27" offsetend="101" sl="60" fileid="1" />
                <BranchPoint vc="0" uspid="60" ordinal="7" path="5" offset="27" offsetend="110" sl="60" fileid="1" />
                <BranchPoint vc="0" uspid="60" ordinal="8" path="6" offset="27" offsetend="119" sl="60" fileid="1" />
                <BranchPoint vc="0" uspid="60" ordinal="9" path="7" offset="27" offsetend="128" sl="60" fileid="1" />
                <BranchPoint vc="0" uspid="60" ordinal="10" path="8" offset="27" offsetend="137" sl="60" fileid="1" />
                <BranchPoint vc="0" uspid="60" ordinal="11" path="9" offset="27" offsetend="146" sl="60" fileid="1" />
                <BranchPoint vc="0" uspid="60" ordinal="12" path="10" offset="27" offsetend="155" sl="60" fileid="1" />
                <BranchPoint vc="0" uspid="60" ordinal="2" path="0" offset="27" offsetend="164" sl="60" fileid="1" />
                <BranchPoint vc="0" uspid="58" ordinal="1" path="1" offset="16" offsetend="169" sl="58" fileid="1" />
              </BranchPoints>
              <MethodPoint vc="0" uspid="0" p8:type="SequencePoint" ordinal="0" offset="0" sc="0" sl="57" ec="1" el="77" bec="0" bev="0" fileid="1" xmlns:p8="xsi" />
            </Method>
            <Method cyclomaticComplexity="1" nPathComplexity="1" sequenceCoverage="0" branchCoverage="100" isConstructor="True" isGetter="False" isSetter="False" isStatic="True">
              <Summary numSequencePoints="13" visitedSequencePoints="0" numBranchPoints="0" visitedBranchPoints="0" sequenceCoverage="0" branchCoverage="100" maxCyclomaticComplexity="1" minCyclomaticComplexity="1" visitedClasses="0" numClasses="0" visitedMethods="0" numMethods="1" />
              <MetadataToken />
              <Name>System.Void MessagePack.GeneratedMessagePackResolver/GeneratedMessagePackResolverGetFormatterHelper::.cctor()</Name>
              <FileRef uid="1" />
              <SequencePoints>
                <SequencePoint vc="0" uspid="42" ordinal="0" sl="42" sc="1" el="42" ec="2" bec="0" bev="0" fileid="1" />
                <SequencePoint vc="0" uspid="43" ordinal="1" sl="43" sc="1" el="43" ec="2" bec="0" bev="0" fileid="1" />
                <SequencePoint vc="0" uspid="44" ordinal="2" sl="44" sc="1" el="44" ec="2" bec="0" bev="0" fileid="1" />
                <SequencePoint vc="0" uspid="45" ordinal="3" sl="45" sc="1" el="45" ec="2" bec="0" bev="0" fileid="1" />
                <SequencePoint vc="0" uspid="46" ordinal="4" sl="46" sc="1" el="46" ec="2" bec="0" bev="0" fileid="1" />
                <SequencePoint vc="0" uspid="47" ordinal="5" sl="47" sc="1" el="47" ec="2" bec="0" bev="0" fileid="1" />
                <SequencePoint vc="0" uspid="48" ordinal="6" sl="48" sc="1" el="48" ec="2" bec="0" bev="0" fileid="1" />
                <SequencePoint vc="0" uspid="49" ordinal="7" sl="49" sc="1" el="49" ec="2" bec="0" bev="0" fileid="1" />
                <SequencePoint vc="0" uspid="50" ordinal="8" sl="50" sc="1" el="50" ec="2" bec="0" bev="0" fileid="1" />
                <SequencePoint vc="0" uspid="51" ordinal="9" sl="51" sc="1" el="51" ec="2" bec="0" bev="0" fileid="1" />
                <SequencePoint vc="0" uspid="52" ordinal="10" sl="52" sc="1" el="52" ec="2" bec="0" bev="0" fileid="1" />
                <SequencePoint vc="0" uspid="53" ordinal="11" sl="53" sc="1" el="53" ec="2" bec="0" bev="0" fileid="1" />
                <SequencePoint vc="0" uspid="54" ordinal="12" sl="54" sc="1" el="54" ec="2" bec="0" bev="0" fileid="1" />
              </SequencePoints>
              <BranchPoints />
              <MethodPoint vc="0" uspid="0" p8:type="SequencePoint" ordinal="1" offset="1" sc="0" sl="42" ec="1" el="54" bec="0" bev="0" fileid="1" xmlns:p8="xsi" />
            </Method>
          </Methods>
        </Class>
        <Class>
          <Summary numSequencePoints="50" visitedSequencePoints="0" numBranchPoints="14" visitedBranchPoints="0" sequenceCoverage="0" branchCoverage="0" maxCyclomaticComplexity="12" minCyclomaticComplexity="2" visitedClasses="0" numClasses="1" visitedMethods="0" numMethods="2" />
          <FullName>MessagePack.GeneratedMessagePackResolver/FilmKirala/Application/DTOs/CreateMovieDtoFormatter</FullName>
          <Methods>
            <Method cyclomaticComplexity="2" nPathComplexity="2" sequenceCoverage="0" branchCoverage="0" isConstructor="False" isGetter="False" isSetter="False" isStatic="True">
              <Summary numSequencePoints="13" visitedSequencePoints="0" numBranchPoints="2" visitedBranchPoints="0" sequenceCoverage="0" branchCoverage="0" maxCyclomaticComplexity="2" minCyclomaticComplexity="2" visitedClasses="0" numClasses="0" visitedMethods="0" numMethods="1" />
              <MetadataToken />
              <Name>System.Void MessagePack.GeneratedMessagePackResolver/FilmKirala/Application/DTOs/CreateMovieDtoFormatter::Serialize(MessagePack.MessagePackWriter&amp;,FilmKirala.Application.DTOs.CreateMovieDto,MessagePack.MessagePackSerializerOptions)</Name>
              <FileRef uid="2" />
              <SequencePoints>
                <SequencePoint vc="0" uspid="19" ordinal="0" sl="19" sc="1" el="19" ec="2" bec="0" bev="0" fileid="2" />
                <SequencePoint vc="0" uspid="20" ordinal="1" sl="20" sc="1" el="20" ec="2" bec="2" bev="0" fileid="2" />
                <SequencePoint vc="0" uspid="21" ordinal="2" sl="21" sc="1" el="21" ec="2" bec="0" bev="0" fileid="2" />
                <SequencePoint vc="0" uspid="22" ordinal="3" sl="22" sc="1" el="22" ec="2" bec="0" bev="0" fileid="2" />
                <SequencePoint vc="0" uspid="23" ordinal="4" sl="23" sc="1" el="23" ec="2" bec="0" bev="0" fileid="2" />
                <SequencePoint vc="0" uspid="26" ordinal="5" sl="26" sc="1" el="26" ec="2" bec="0" bev="0" fileid="2" />
                <SequencePoint vc="0" uspid="27" ordinal="6" sl="27" sc="1" el="27" ec="2" bec="0" bev="0" fileid="2" />
                <SequencePoint vc="0" uspid="28" ordinal="7" sl="28" sc="1" el="28" ec="2" bec="0" bev="0" fileid="2" />
                <SequencePoint vc="0" uspid="29" ordinal="8" sl="29" sc="1" el="29" ec="2" bec="0" bev="0" fileid="2" />
                <SequencePoint vc="0" uspid="30" ordinal="9" sl="30" sc="1" el="30" ec="2" bec="0" bev="0" fileid="2" />
                <SequencePoint vc="0" uspid="31" ordinal="10" sl="31" sc="1" el="31" ec="2" bec="0" bev="0" fileid="2" />
                <SequencePoint vc="0" uspid="32" ordinal="11" sl="32" sc="1" el="32" ec="2" bec="0" bev="0" fileid="2" />
                <SequencePoint vc="0" uspid="33" ordinal="12" sl="33" sc="1" el="33" ec="2" bec="0" bev="0" fileid="2" />
              </SequencePoints>
              <BranchPoints>
                <BranchPoint vc="0" uspid="20" ordinal="0" path="0" offset="10" offsetend="12" sl="20" fileid="2" />
                <BranchPoint vc="0" uspid="20" ordinal="1" path="1" offset="10" offsetend="22" sl="20" fileid="2" />
              </BranchPoints>
              <MethodPoint vc="0" uspid="0" p8:type="SequencePoint" ordinal="0" offset="0" sc="0" sl="19" ec="1" el="33" bec="0" bev="0" fileid="2" xmlns:p8="xsi" />
            </Method>
            <Method cyclomaticComplexity="12" nPathComplexity="12" sequenceCoverage="0" branchCoverage="0" isConstructor="False" isGetter="False" isSetter="False" isStatic="True">
              <Summary numSequencePoints="37" visitedSequencePoints="0" numBranchPoints="12" visitedBranchPoints="0" sequenceCoverage="0" branchCoverage="0" maxCyclomaticComplexity="12" minCyclomaticComplexity="12" visitedClasses="0" numClasses="0" visitedMethods="0" numMethods="1" />
              <MetadataToken />
              <Name>FilmKirala.Application.DTOs.CreateMovieDto MessagePack.GeneratedMessagePackResolver/FilmKirala/Application/DTOs/CreateMovieDtoFormatter::Deserialize(MessagePack.MessagePackReader&amp;,MessagePack.MessagePackSerializerOptions)</Name>
              <FileRef uid="2" />
              <SequencePoints>
                <SequencePoint vc="0" uspid="36" ordinal="0" sl="36" sc="1" el="36" ec="2" bec="0" bev="0" fileid="2" />
                <SequencePoint vc="0" uspid="37" ordinal="1" sl="37" sc="1" el="37" ec="2" bec="2" bev="0" fileid="2" />
                <SequencePoint vc="0" uspid="38" ordinal="2" sl="38" sc="1" el="38" ec="2" bec="0" bev="0" fileid="2" />
                <SequencePoint vc="0" uspid="39" ordinal="3" sl="39" sc="1" el="39" ec="2" bec="0" bev="0" fileid="2" />
                <SequencePoint vc="0" uspid="42" ordinal="4" sl="42" sc="1" el="42" ec="2" bec="0" bev="0" fileid="2" />
                <SequencePoint vc="0" uspid="43" ordinal="5" sl="43" sc="1" el="43" ec="2" bec="0" bev="0" fileid="2" />
                <SequencePoint vc="0" uspid="44" ordinal="6" sl="44" sc="1" el="44" ec="2" bec="0" bev="0" fileid="2" />
                <SequencePoint vc="0" uspid="45" ordinal="7" sl="45" sc="1" el="45" ec="2" bec="0" bev="0" fileid="2" />
                <SequencePoint vc="0" uspid="46" ordinal="8" sl="46" sc="1" el="46" ec="2" bec="0" bev="0" fileid="2" />
                <SequencePoint vc="0" uspid="47" ordinal="9" sl="47" sc="1" el="47" ec="2" bec="0" bev="0" fileid="2" />
                <SequencePoint vc="0" uspid="48" ordinal="10" sl="48" sc="1" el="48" ec="2" bec="0" bev="0" fileid="2" />
                <SequencePoint vc="0" uspid="49" ordinal="11" sl="49" sc="1" el="49" ec="2" bec="0" bev="0" fileid="2" />
                <SequencePoint vc="0" uspid="51" ordinal="12" sl="51" sc="1" el="51" ec="2" bec="2" bev="0" fileid="2" />
                <SequencePoint vc="0" uspid="52" ordinal="13" sl="52" sc="1" el="52" ec="2" bec="0" bev="0" fileid="2" />
                <SequencePoint vc="0" uspid="53" ordinal="14" sl="53" sc="1" el="53" ec="2" bec="6" bev="0" fileid="2" />
                <SequencePoint vc="0" uspid="56" ordinal="15" sl="56" sc="1" el="56" ec="2" bec="0" bev="0" fileid="2" />
                <SequencePoint vc="0" uspid="57" ordinal="16" sl="57" sc="1" el="57" ec="2" bec="0" bev="0" fileid="2" />
                <SequencePoint vc="0" uspid="59" ordinal="17" sl="59" sc="1" el="59" ec="2" bec="0" bev="0" fileid="2" />
                <SequencePoint vc="0" uspid="60" ordinal="18" sl="60" sc="1" el="60" ec="2" bec="0" bev="0" fileid="2" />
                <SequencePoint vc="0" uspid="62" ordinal="19" sl="62" sc="1" el="62" ec="2" bec="0" bev="0" fileid="2" />
                <SequencePoint vc="0" uspid="63" ordinal="20" sl="63" sc="1" el="63" ec="2" bec="0" bev="0" fileid="2" />
                <SequencePoint vc="0" uspid="65" ordinal="21" sl="65" sc="1" el="65" ec="2" bec="0" bev="0" fileid="2" />
                <SequencePoint vc="0" uspid="66" ordinal="22" sl="66" sc="1" el="66" ec="2" bec="0" bev="0" fileid="2" />
                <SequencePoint vc="0" uspid="68" ordinal="23" sl="68" sc="1" el="68" ec="2" bec="0" bev="0" fileid="2" />
                <SequencePoint vc="0" uspid="69" ordinal="24" sl="69" sc="1" el="69" ec="2" bec="0" bev="0" fileid="2" />
                <SequencePoint vc="0" uspid="71" ordinal="25" sl="71" sc="1" el="71" ec="2" bec="0" bev="0" fileid="2" />
                <SequencePoint vc="0" uspid="72" ordinal="26" sl="72" sc="1" el="72" ec="2" bec="0" bev="0" fileid="2" />
                <SequencePoint vc="0" uspid="74" ordinal="27" sl="74" sc="1" el="74" ec="2" bec="0" bev="0" fileid="2" />
                <SequencePoint vc="0" uspid="76" ordinal="28" sl="76" sc="1" el="76" ec="2" bec="0" bev="0" fileid="2" />
                <SequencePoint vc="0" uspid="77" ordinal="29" sl="77" sc="1" el="77" ec="2" bec="2" bev="0" fileid="2" />
                <SequencePoint vc="0" uspid="78" ordinal="30" sl="78" sc="1" el="78" ec="2" bec="0" bev="0" fileid="2" />
                <SequencePoint vc="0" uspid="79" ordinal="31" sl="79" sc="1" el="79" ec="2" bec="0" bev="0" fileid="2" />
                <SequencePoint vc="0" uspid="82" ordinal="32" sl="82" sc="1" el="82" ec="2" bec="0" bev="0" fileid="2" />
                <SequencePoint vc="0" uspid="84" ordinal="33" sl="84" sc="1" el="84" ec="2" bec="0" bev="0" fileid="2" />
                <SequencePoint vc="0" uspid="85" ordinal="34" sl="85" sc="1" el="85" ec="2" bec="0" bev="0" fileid="2" />
                <SequencePoint vc="0" uspid="86" ordinal="35" sl="86" sc="1" el="86" ec="2" bec="0" bev="0" fileid="2" />
                <SequencePoint vc="0" uspid="87" ordinal="36" sl="87" sc="1" el="87" ec="2" bec="0" bev="0" fileid="2" />
              </SequencePoints>
              <BranchPoints>
                <BranchPoint vc="0" uspid="37" ordinal="0" path="0" offset="11" offsetend="13" sl="37" fileid="2" />
                <BranchPoint vc="0" uspid="37" ordinal="1" path="1" offset="11" offsetend="22" sl="37" fileid="2" />
                <BranchPoint vc="0" uspid="51" ordinal="9" path="1" offset="209" offsetend="70" sl="51" fileid="2" />
                <BranchPoint vc="0" uspid="53" ordinal="3" path="1" offset="81" offsetend="108" sl="53" fileid="2" />
                <BranchPoint vc="0" uspid="53" ordinal="4" path="2" offset="81" offsetend="124" sl="53" fileid="2" />
                <BranchPoint vc="0" uspid="53" ordinal="5" path="3" offset="81" offsetend="140" sl="53" fileid="2" />
                <BranchPoint vc="0" uspid="53" ordinal="6" path="4" offset="81" offsetend="157" sl="53" fileid="2" />
                <BranchPoint vc="0" uspid="53" ordinal="7" path="5" offset="81" offsetend="167" sl="53" fileid="2" />
                <BranchPoint vc="0" uspid="53" ordinal="2" path="0" offset="81" offsetend="184" sl="53" fileid="2" />
                <BranchPoint vc="0" uspid="51" ordinal="8" path="0" offset="209" offsetend="214" sl="51" fileid="2" />
                <BranchPoint vc="0" uspid="77" ordinal="10" path="0" offset="266" offsetend="268" sl="77" fileid="2" />
                <BranchPoint vc="0" uspid="77" ordinal="11" path="1" offset="266" offsetend="271" sl="77" fileid="2" />
              </BranchPoints>
              <MethodPoint vc="0" uspid="0" p8:type="SequencePoint" ordinal="1" offset="1" sc="0" sl="36" ec="1" el="87" bec="0" bev="0" fileid="2" xmlns:p8="xsi" />
            </Method>
          </Methods>
        </Class>
        <Class>
          <Summary numSequencePoints="37" visitedSequencePoints="0" numBranchPoints="10" visitedBranchPoints="0" sequenceCoverage="0" branchCoverage="0" maxCyclomaticComplexity="8" minCyclomaticComplexity="2" visitedClasses="0" numClasses="1" visitedMethods="0" numMethods="2" />
          <FullName>MessagePack.GeneratedMessagePackResolver/FilmKirala/Application/DTOs/CreateReviewDtoFormatter</FullName>
          <Methods>
            <Method cyclomaticComplexity="2" nPathComplexity="2" sequenceCoverage="0" branchCoverage="0" isConstructor="False" isGetter="False" isSetter="False" isStatic="True">
              <Summary numSequencePoints="11" visitedSequencePoints="0" numBranchPoints="2" visitedBranchPoints="0" sequenceCoverage="0" branchCoverage="0" maxCyclomaticComplexity="2" minCyclomaticComplexity="2" visitedClasses="0" numClasses="0" visitedMethods="0" numMethods="1" />
              <MetadataToken />
              <Name>System.Void MessagePack.GeneratedMessagePackResolver/FilmKirala/Application/DTOs/CreateReviewDtoFormatter::Serialize(MessagePack.MessagePackWriter&amp;,FilmKirala.Application.DTOs.CreateReviewDto,MessagePack.MessagePackSerializerOptions)</Name>
              <FileRef uid="3" />
              <SequencePoints>
                <SequencePoint vc="0" uspid="19" ordinal="0" sl="19" sc="1" el="19" ec="2" bec="0" bev="0" fileid="3" />
                <SequencePoint vc="0" uspid="20" ordinal="1" sl="20" sc="1" el="20" ec="2" bec="2" bev="0" fileid="3" />
                <SequencePoint vc="0" uspid="21" ordinal="2" sl="21" sc="1" el="21" ec="2" bec="0" bev="0" fileid="3" />
                <SequencePoint vc="0" uspid="22" ordinal="3" sl="22" sc="1" el="22" ec="2" bec="0" bev="0" fileid="3" />
                <SequencePoint vc="0" uspid="23" ordinal="4" sl="23" sc="1" el="23" ec="2" bec="0" bev="0" fileid="3" />
                <SequencePoint vc="0" uspid="26" ordinal="5" sl="26" sc="1" el="26" ec="2" bec="0" bev="0" fileid="3" />
                <SequencePoint vc="0" uspid="27" ordinal="6" sl="27" sc="1" el="27" ec="2" bec="0" bev="0" fileid="3" />
                <SequencePoint vc="0" uspid="28" ordinal="7" sl="28" sc="1" el="28" ec="2" bec="0" bev="0" fileid="3" />
                <SequencePoint vc="0" uspid="29" ordinal="8" sl="29" sc="1" el="29" ec="2" bec="0" bev="0" fileid="3" />
                <SequencePoint vc="0" uspid="30" ordinal="9" sl="30" sc="1" el="30" ec="2" bec="0" bev="0" fileid="3" />
                <SequencePoint vc="0" uspid="31" ordinal="10" sl="31" sc="1" el="31" ec="2" bec="0" bev="0" fileid="3" />
              </SequencePoints>
              <BranchPoints>
                <BranchPoint vc="0" uspid="20" ordinal="0" path="0" offset="10" offsetend="12" sl="20" fileid="3" />
                <BranchPoint vc="0" uspid="20" ordinal="1" path="1" offset="10" offsetend="22" sl="20" fileid="3" />
              </BranchPoints>
              <MethodPoint vc="0" uspid="0" p8:type="SequencePoint" ordinal="0" offset="0" sc="0" sl="19" ec="1" el="31" bec="0" bev="0" fileid="3" xmlns:p8="xsi" />
            </Method>
            <Method cyclomaticComplexity="8" nPathComplexity="8" sequenceCoverage="0" branchCoverage="0" isConstructor="False" isGetter="False" isSetter="False" isStatic="True">
              <Summary numSequencePoints="26" visitedSequencePoints="0" numBranchPoints="8" visitedBranchPoints="0" sequenceCoverage="0" branchCoverage="0" maxCyclomaticComplexity="8" minCyclomaticComplexity="8" visitedClasses="0" numClasses="0" visitedMethods="0" numMethods="1" />
              <MetadataToken />
              <Name>FilmKirala.Application.DTOs.CreateReviewDto MessagePack.GeneratedMessagePackResolver/FilmKirala/Application/DTOs/CreateReviewDtoFormatter::Deserialize(MessagePack.MessagePackReader&amp;,MessagePack.MessagePackSerializerOptions)</Name>
              <FileRef uid="3" />
              <SequencePoints>
                <SequencePoint vc="0" uspid="34" ordinal="0" sl="34" sc="1" el="34" ec="2" bec="0" bev="0" fileid="3" />
                <SequencePoint vc="0" uspid="35" ordinal="1" sl="35" sc="1" el="35" ec="2" bec="2" bev="0" fileid="3" />
                <SequencePoint vc="0" uspid="36" ordinal="2" sl="36" sc="1" el="36" ec="2" bec="0" bev="0" fileid="3" />
                <SequencePoint vc="0" uspid="37" ordinal="3" sl="37" sc="1" el="37" ec="2" bec="0" bev="0" fileid="3" />
                <SequencePoint vc="0" uspid="40" ordinal="4" sl="40" sc="1" el="40" ec="2" bec="0" bev="0" fileid="3" />
                <SequencePoint vc="0" uspid="41" ordinal="5" sl="41" sc="1" el="41" ec="2" bec="0" bev="0" fileid="3" />
                <SequencePoint vc="0" uspid="42" ordinal="6" sl="42" sc="1" el="42" ec="2" bec="0" bev="0" fileid="3" />
                <SequencePoint vc="0" uspid="43" ordinal="7" sl="43" sc="1" el="43" ec="2" bec="0" bev="0" fileid="3" />
                <SequencePoint vc="0" uspid="44" ordinal="8" sl="44" sc="1" el="44" ec="2" bec="0" bev="0" fileid="3" />
                <SequencePoint vc="0" uspid="45" ordinal="9" sl="45" sc="1" el="45" ec="2" bec="0" bev="0" fileid="3" />
                <SequencePoint vc="0" uspid="47" ordinal="10" sl="47" sc="1" el="47" ec="2" bec="2" bev="0" fileid="3" />
                <SequencePoint vc="0" uspid="48" ordinal="11" sl="48" sc="1" el="48" ec="2" bec="0" bev="0" fileid="3" />
                <SequencePoint vc="0" uspid="49" ordinal="12" sl="49" sc="1" el="49" ec="2" bec="4" bev="0" fileid="3" />
                <SequencePoint vc="0" uspid="52" ordinal="13" sl="52" sc="1" el="52" ec="2" bec="0" bev="0" fileid="3" />
                <SequencePoint vc="0" uspid="53" ordinal="14" sl="53" sc="1" el="53" ec="2" bec="0" bev="0" fileid="3" />
                <SequencePoint vc="0" uspid="55" ordinal="15" sl="55" sc="1" el="55" ec="2" bec="0" bev="0" fileid="3" />
                <SequencePoint vc="0" uspid="56" ordinal="16" sl="56" sc="1" el="56" ec="2" bec="0" bev="0" fileid="3" />
                <SequencePoint vc="0" uspid="58" ordinal="17" sl="58" sc="1" el="58" ec="2" bec="0" bev="0" fileid="3" />
                <SequencePoint vc="0" uspid="59" ordinal="18" sl="59" sc="1" el="59" ec="2" bec="0" bev="0" fileid="3" />
                <SequencePoint vc="0" uspid="61" ordinal="19" sl="61" sc="1" el="61" ec="2" bec="0" bev="0" fileid="3" />
                <SequencePoint vc="0" uspid="62" ordinal="20" sl="62" sc="1" el="62" ec="2" bec="0" bev="0" fileid="3" />
                <SequencePoint vc="0" uspid="64" ordinal="21" sl="64" sc="1" el="64" ec="2" bec="0" bev="0" fileid="3" />
                <SequencePoint vc="0" uspid="66" ordinal="22" sl="66" sc="1" el="66" ec="2" bec="0" bev="0" fileid="3" />
                <SequencePoint vc="0" uspid="67" ordinal="23" sl="67" sc="1" el="67" ec="2" bec="0" bev="0" fileid="3" />
                <SequencePoint vc="0" uspid="68" ordinal="24" sl="68" sc="1" el="68" ec="2" bec="0" bev="0" fileid="3" />
                <SequencePoint vc="0" uspid="69" ordinal="25" sl="69" sc="1" el="69" ec="2" bec="0" bev="0" fileid="3" />
              </SequencePoints>
              <BranchPoints>
                <BranchPoint vc="0" uspid="35" ordinal="0" path="0" offset="11" offsetend="13" sl="35" fileid="3" />
                <BranchPoint vc="0" uspid="35" ordinal="1" path="1" offset="11" offsetend="22" sl="35" fileid="3" />
                <BranchPoint vc="0" uspid="47" ordinal="7" path="1" offset="151" offsetend="61" sl="47" fileid="3" />
                <BranchPoint vc="0" uspid="49" ordinal="3" path="1" offset="72" offsetend="91" sl="49" fileid="3" />
                <BranchPoint vc="0" uspid="49" ordinal="4" path="2" offset="72" offsetend="100" sl="49" fileid="3" />
                <BranchPoint vc="0" uspid="49" ordinal="5" path="3" offset="72" offsetend="116" sl="49" fileid="3" />
                <BranchPoint vc="0" uspid="49" ordinal="2" path="0" offset="72" offsetend="126" sl="49" fileid="3" />
                <BranchPoint vc="0" uspid="47" ordinal="6" path="0" offset="151" offsetend="153" sl="47" fileid="3" />
              </BranchPoints>
              <MethodPoint vc="0" uspid="0" p8:type="SequencePoint" ordinal="1" offset="1" sc="0" sl="34" ec="1" el="69" bec="0" bev="0" fileid="3" xmlns:p8="xsi" />
            </Method>
          </Methods>
        </Class>
        <Class>
          <Summary numSequencePoints="74" visitedSequencePoints="0" numBranchPoints="22" visitedBranchPoints="0" sequenceCoverage="0" branchCoverage="0" maxCyclomaticComplexity="20" minCyclomaticComplexity="2" visitedClasses="0" numClasses="1" visitedMethods="0" numMethods="2" />
          <FullName>MessagePack.GeneratedMessagePackResolver/FilmKirala/Application/DTOs/MovieDetailDtoFormatter</FullName>
          <Methods>
            <Method cyclomaticComplexity="2" nPathComplexity="2" sequenceCoverage="0" branchCoverage="0" isConstructor="False" isGetter="False" isSetter="False" isStatic="True">
              <Summary numSequencePoints="17" visitedSequencePoints="0" numBranchPoints="2" visitedBranchPoints="0" sequenceCoverage="0" branchCoverage="0" maxCyclomaticComplexity="2" minCyclomaticComplexity="2" visitedClasses="0" numClasses="0" visitedMethods="0" numMethods="1" />
              <MetadataToken />
              <Name>System.Void MessagePack.GeneratedMessagePackResolver/FilmKirala/Application/DTOs/MovieDetailDtoFormatter::Serialize(MessagePack.MessagePackWriter&amp;,FilmKirala.Application.DTOs.MovieDetailDto,MessagePack.MessagePackSerializerOptions)</Name>
              <FileRef uid="4" />
              <SequencePoints>
                <SequencePoint vc="0" uspid="19" ordinal="0" sl="19" sc="1" el="19" ec="2" bec="0" bev="0" fileid="4" />
                <SequencePoint vc="0" uspid="20" ordinal="1" sl="20" sc="1" el="20" ec="2" bec="2" bev="0" fileid="4" />
                <SequencePoint vc="0" uspid="21" ordinal="2" sl="21" sc="1" el="21" ec="2" bec="0" bev="0" fileid="4" />
                <SequencePoint vc="0" uspid="22" ordinal="3" sl="22" sc="1" el="22" ec="2" bec="0" bev="0" fileid="4" />
                <SequencePoint vc="0" uspid="23" ordinal="4" sl="23" sc="1" el="23" ec="2" bec="0" bev="0" fileid="4" />
                <SequencePoint vc="0" uspid="26" ordinal="5" sl="26" sc="1" el="26" ec="2" bec="0" bev="0" fileid="4" />
                <SequencePoint vc="0" uspid="27" ordinal="6" sl="27" sc="1" el="27" ec="2" bec="0" bev="0" fileid="4" />
                <SequencePoint vc="0" uspid="28" ordinal="7" sl="28" sc="1" el="28" ec="2" bec="0" bev="0" fileid="4" />
                <SequencePoint vc="0" uspid="29" ordinal="8" sl="29" sc="1" el="29" ec="2" bec="0" bev="0" fileid="4" />
                <SequencePoint vc="0" uspid="30" ordinal="9" sl="30" sc="1" el="30" ec="2" bec="0" bev="0" fileid="4" />
                <SequencePoint vc="0" uspid="31" ordinal="10" sl="31" sc="1" el="31" ec="2" bec="0" bev="0" fileid="4" />
                <SequencePoint vc="0" uspid="32" ordinal="11" sl="32" sc="1" el="32" ec="2" bec="0" bev="0" fileid="4" />
                <SequencePoint vc="0" uspid="33" ordinal="12" sl="33" sc="1" el="33" ec="2" bec="0" bev="0" fileid="4" />
                <SequencePoint vc="0" uspid="34" ordinal="13" sl="34" sc="1" el="34" ec="2" bec="0" bev="0" fileid="4" />
                <SequencePoint vc="0" uspid="35" ordinal="14" sl="35" sc="1" el="35" ec="2" bec="0" bev="0" fileid="4" />
                <SequencePoint vc="0" uspid="36" ordinal="15" sl="36" sc="1" el="36" ec="2" bec="0" bev="0" fileid="4" />
                <SequencePoint vc="0" uspid="37" ordinal="16" sl="37" sc="1" el="37" ec="2" bec="0" bev="0" fileid="4" />
              </SequencePoints>
              <BranchPoints>
                <BranchPoint vc="0" uspid="20" ordinal="0" path="0" offset="10" offsetend="12" sl="20" fileid="4" />
                <BranchPoint vc="0" uspid="20" ordinal="1" path="1" offset="10" offsetend="25" sl="20" fileid="4" />
              </BranchPoints>
              <MethodPoint vc="0" uspid="0" p8:type="SequencePoint" ordinal="0" offset="0" sc="0" sl="19" ec="1" el="37" bec="0" bev="0" fileid="4" xmlns:p8="xsi" />
            </Method>
            <Method cyclomaticComplexity="20" nPathComplexity="20" sequenceCoverage="0" branchCoverage="0" isConstructor="False" isGetter="False" isSetter="False" isStatic="True">
              <Summary numSequencePoints="57" visitedSequencePoints="0" numBranchPoints="20" visitedBranchPoints="0" sequenceCoverage="0" branchCoverage="0" maxCyclomaticComplexity="20" minCyclomaticComplexity="20" visitedClasses="0" numClasses="0" visitedMethods="0" numMethods="1" />
              <MetadataToken />
              <Name>FilmKirala.Application.DTOs.MovieDetailDto MessagePack.GeneratedMessagePackResolver/FilmKirala/Application/DTOs/MovieDetailDtoFormatter::Deserialize(MessagePack.MessagePackReader&amp;,MessagePack.MessagePackSerializerOptions)</Name>
              <FileRef uid="4" />
              <SequencePoints>
                <SequencePoint vc="0" uspid="40" ordinal="0" sl="40" sc="1" el="40" ec="2" bec="0" bev="0" fileid="4" />
                <SequencePoint vc="0" uspid="41" ordinal="1" sl="41" sc="1" el="41" ec="2" bec="2" bev="0" fileid="4" />
                <SequencePoint vc="0" uspid="42" ordinal="2" sl="42" sc="1" el="42" ec="2" bec="0" bev="0" fileid="4" />
                <SequencePoint vc="0" uspid="43" ordinal="3" sl="43" sc="1" el="43" ec="2" bec="0" bev="0" fileid="4" />
                <SequencePoint vc="0" uspid="46" ordinal="4" sl="46" sc="1" el="46" ec="2" bec="0" bev="0" fileid="4" />
                <SequencePoint vc="0" uspid="47" ordinal="5" sl="47" sc="1" el="47" ec="2" bec="0" bev="0" fileid="4" />
                <SequencePoint vc="0" uspid="48" ordinal="6" sl="48" sc="1" el="48" ec="2" bec="0" bev="0" fileid="4" />
                <SequencePoint vc="0" uspid="49" ordinal="7" sl="49" sc="1" el="49" ec="2" bec="0" bev="0" fileid="4" />
                <SequencePoint vc="0" uspid="50" ordinal="8" sl="50" sc="1" el="50" ec="2" bec="0" bev="0" fileid="4" />
                <SequencePoint vc="0" uspid="51" ordinal="9" sl="51" sc="1" el="51" ec="2" bec="0" bev="0" fileid="4" />
                <SequencePoint vc="0" uspid="52" ordinal="10" sl="52" sc="1" el="52" ec="2" bec="0" bev="0" fileid="4" />
                <SequencePoint vc="0" uspid="53" ordinal="11" sl="53" sc="1" el="53" ec="2" bec="0" bev="0" fileid="4" />
                <SequencePoint vc="0" uspid="54" ordinal="12" sl="54" sc="1" el="54" ec="2" bec="0" bev="0" fileid="4" />
                <SequencePoint vc="0" uspid="55" ordinal="13" sl="55" sc="1" el="55" ec="2" bec="0" bev="0" fileid="4" />
                <SequencePoint vc="0" uspid="56" ordinal="14" sl="56" sc="1" el="56" ec="2" bec="0" bev="0" fileid="4" />
                <SequencePoint vc="0" uspid="57" ordinal="15" sl="57" sc="1" el="57" ec="2" bec="0" bev="0" fileid="4" />
                <SequencePoint vc="0" uspid="59" ordinal="16" sl="59" sc="1" el="59" ec="2" bec="2" bev="0" fileid="4" />
                <SequencePoint vc="0" uspid="60" ordinal="17" sl="60" sc="1" el="60" ec="2" bec="0" bev="0" fileid="4" />
                <SequencePoint vc="0" uspid="61" ordinal="18" sl="61" sc="1" el="61" ec="2" bec="10" bev="0" fileid="4" />
                <SequencePoint vc="0" uspid="64" ordinal="19" sl="64" sc="1" el="64" ec="2" bec="0" bev="0" fileid="4" />
                <SequencePoint vc="0" uspid="65" ordinal="20" sl="65" sc="1" el="65" ec="2" bec="0" bev="0" fileid="4" />
                <SequencePoint vc="0" uspid="67" ordinal="21" sl="67" sc="1" el="67" ec="2" bec="0" bev="0" fileid="4" />
                <SequencePoint vc="0" uspid="68" ordinal="22" sl="68" sc="1" el="68" ec="2" bec="0" bev="0" fileid="4" />
                <SequencePoint vc="0" uspid="70" ordinal="23" sl="70" sc="1" el="70" ec="2" bec="0" bev="0" fileid="4" />
                <SequencePoint vc="0" uspid="71" ordinal="24" sl="71" sc="1" el="71" ec="2" bec="0" bev="0" fileid="4" />
                <SequencePoint vc="0" uspid="73" ordinal="25" sl="73" sc="1" el="73" ec="2" bec="0" bev="0" fileid="4" />
                <SequencePoint vc="0" uspid="74" ordinal="26" sl="74" sc="1" el="74" ec="2" bec="0" bev="0" fileid="4" />
                <SequencePoint vc="0" uspid="76" ordinal="27" sl="76" sc="1" el="76" ec="2" bec="0" bev="0" fileid="4" />
                <SequencePoint vc="0" uspid="77" ordinal="28" sl="77" sc="1" el="77" ec="2" bec="0" bev="0" fileid="4" />
                <SequencePoint vc="0" uspid="79" ordinal="29" sl="79" sc="1" el="79" ec="2" bec="0" bev="0" fileid="4" />
                <SequencePoint vc="0" uspid="80" ordinal="30" sl="80" sc="1" el="80" ec="2" bec="0" bev="0" fileid="4" />
                <SequencePoint vc="0" uspid="82" ordinal="31" sl="82" sc="1" el="82" ec="2" bec="0" bev="0" fileid="4" />
                <SequencePoint vc="0" uspid="83" ordinal="32" sl="83" sc="1" el="83" ec="2" bec="0" bev="0" fileid="4" />
                <SequencePoint vc="0" uspid="85" ordinal="33" sl="85" sc="1" el="85" ec="2" bec="0" bev="0" fileid="4" />
                <SequencePoint vc="0" uspid="86" ordinal="34" sl="86" sc="1" el="86" ec="2" bec="0" bev="0" fileid="4" />
                <SequencePoint vc="0" uspid="88" ordinal="35" sl="88" sc="1" el="88" ec="2" bec="0" bev="0" fileid="4" />
                <SequencePoint vc="0" uspid="89" ordinal="36" sl="89" sc="1" el="89" ec="2" bec="0" bev="0" fileid="4" />
                <SequencePoint vc="0" uspid="91" ordinal="37" sl="91" sc="1" el="91" ec="2" bec="0" bev="0" fileid="4" />
                <SequencePoint vc="0" uspid="92" ordinal="38" sl="92" sc="1" el="92" ec="2" bec="0" bev="0" fileid="4" />
                <SequencePoint vc="0" uspid="94" ordinal="39" sl="94" sc="1" el="94" ec="2" bec="0" bev="0" fileid="4" />
                <SequencePoint vc="0" uspid="96" ordinal="40" sl="96" sc="1" el="96" ec="2" bec="0" bev="0" fileid="4" />
                <SequencePoint vc="0" uspid="97" ordinal="41" sl="97" sc="1" el="97" ec="2" bec="2" bev="0" fileid="4" />
                <SequencePoint vc="0" uspid="98" ordinal="42" sl="98" sc="1" el="98" ec="2" bec="0" bev="0" fileid="4" />
                <SequencePoint vc="0" uspid="99" ordinal="43" sl="99" sc="1" el="99" ec="2" bec="0" bev="0" fileid="4" />
                <SequencePoint vc="0" uspid="102" ordinal="44" sl="102" sc="1" el="102" ec="2" bec="0" bev="0" fileid="4" />
                <SequencePoint vc="0" uspid="103" ordinal="45" sl="103" sc="1" el="103" ec="2" bec="2" bev="0" fileid="4" />
                <SequencePoint vc="0" uspid="104" ordinal="46" sl="104" sc="1" el="104" ec="2" bec="0" bev="0" fileid="4" />
                <SequencePoint vc="0" uspid="105" ordinal="47" sl="105" sc="1" el="105" ec="2" bec="0" bev="0" fileid="4" />
                <SequencePoint vc="0" uspid="108" ordinal="48" sl="108" sc="1" el="108" ec="2" bec="0" bev="0" fileid="4" />
                <SequencePoint vc="0" uspid="109" ordinal="49" sl="109" sc="1" el="109" ec="2" bec="2" bev="0" fileid="4" />
                <SequencePoint vc="0" uspid="110" ordinal="50" sl="110" sc="1" el="110" ec="2" bec="0" bev="0" fileid="4" />
                <SequencePoint vc="0" uspid="111" ordinal="51" sl="111" sc="1" el="111" ec="2" bec="0" bev="0" fileid="4" />
                <SequencePoint vc="0" uspid="114" ordinal="52" sl="114" sc="1" el="114" ec="2" bec="0" bev="0" fileid="4" />
                <SequencePoint vc="0" uspid="116" ordinal="53" sl="116" sc="1" el="116" ec="2" bec="0" bev="0" fileid="4" />
                <SequencePoint vc="0" uspid="117" ordinal="54" sl="117" sc="1" el="117" ec="2" bec="0" bev="0" fileid="4" />
                <SequencePoint vc="0" uspid="118" ordinal="55" sl="118" sc="1" el="118" ec="2" bec="0" bev="0" fileid="4" />
                <SequencePoint vc="0" uspid="119" ordinal="56" sl="119" sc="1" el="119" ec="2" bec="0" bev="0" fileid="4" />
              </SequencePoints>
              <BranchPoints>
                <BranchPoint vc="0" uspid="41" ordinal="0" path="0" offset="11" offsetend="13" sl="41" fileid="4" />
                <BranchPoint vc="0" uspid="41" ordinal="1" path="1" offset="11" offsetend="22" sl="41" fileid="4" />
                <BranchPoint vc="0" uspid="59" ordinal="13" path="1" offset="292" offsetend="90" sl="59" fileid="4" />
                <BranchPoint vc="0" uspid="61" ordinal="3" path="1" offset="101" offsetend="144" sl="61" fileid="4" />
                <BranchPoint vc="0" uspid="61" ordinal="4" path="2" offset="101" offsetend="153" sl="61" fileid="4" />
                <BranchPoint vc="0" uspid="61" ordinal="5" path="3" offset="101" offsetend="169" sl="61" fileid="4" />
                <BranchPoint vc="0" uspid="61" ordinal="6" path="4" offset="101" offsetend="186" sl="61" fileid="4" />
                <BranchPoint vc="0" uspid="61" ordinal="7" path="5" offset="101" offsetend="203" sl="61" fileid="4" />
                <BranchPoint vc="0" uspid="61" ordinal="8" path="6" offset="101" offsetend="213" sl="61" fileid="4" />
                <BranchPoint vc="0" uspid="61" ordinal="9" path="7" offset="101" offsetend="223" sl="61" fileid="4" />
                <BranchPoint vc="0" uspid="61" ordinal="10" path="8" offset="101" offsetend="240" sl="61" fileid="4" />
                <BranchPoint vc="0" uspid="61" ordinal="11" path="9" offset="101" offsetend="257" sl="61" fileid="4" />
                <BranchPoint vc="0" uspid="61" ordinal="2" path="0" offset="101" offsetend="267" sl="61" fileid="4" />
                <BranchPoint vc="0" uspid="59" ordinal="12" path="0" offset="292" offsetend="297" sl="59" fileid="4" />
                <BranchPoint vc="0" uspid="97" ordinal="14" path="0" offset="367" offsetend="369" sl="97" fileid="4" />
                <BranchPoint vc="0" uspid="97" ordinal="15" path="1" offset="367" offsetend="372" sl="97" fileid="4" />
                <BranchPoint vc="0" uspid="103" ordinal="16" path="0" offset="393" offsetend="395" sl="103" fileid="4" />
                <BranchPoint vc="0" uspid="103" ordinal="17" path="1" offset="393" offsetend="398" sl="103" fileid="4" />
                <BranchPoint vc="0" uspid="109" ordinal="18" path="0" offset="419" offsetend="421" sl="109" fileid="4" />
                <BranchPoint vc="0" uspid="109" ordinal="19" path="1" offset="419" offsetend="424" sl="109" fileid="4" />
              </BranchPoints>
              <MethodPoint vc="0" uspid="0" p8:type="SequencePoint" ordinal="1" offset="1" sc="0" sl="40" ec="1" el="119" bec="0" bev="0" fileid="4" xmlns:p8="xsi" />
            </Method>
          </Methods>
        </Class>
        <Class>
          <Summary numSequencePoints="45" visitedSequencePoints="0" numBranchPoints="12" visitedBranchPoints="0" sequenceCoverage="0" branchCoverage="0" maxCyclomaticComplexity="10" minCyclomaticComplexity="2" visitedClasses="0" numClasses="1" visitedMethods="0" numMethods="2" />
          <FullName>MessagePack.GeneratedMessagePackResolver/FilmKirala/Application/DTOs/MovieListDtoFormatter</FullName>
          <Methods>
            <Method cyclomaticComplexity="2" nPathComplexity="2" sequenceCoverage="0" branchCoverage="0" isConstructor="False" isGetter="False" isSetter="False" isStatic="True">
              <Summary numSequencePoints="13" visitedSequencePoints="0" numBranchPoints="2" visitedBranchPoints="0" sequenceCoverage="0" branchCoverage="0" maxCyclomaticComplexity="2" minCyclomaticComplexity="2" visitedClasses="0" numClasses="0" visitedMethods="0" numMethods="1" />
              <MetadataToken />
              <Name>System.Void MessagePack.GeneratedMessagePackResolver/FilmKirala/Application/DTOs/MovieListDtoFormatter::Serialize(MessagePack.MessagePackWriter&amp;,FilmKirala.Application.DTOs.MovieListDto,MessagePack.MessagePackSerializerOptions)</Name>
              <FileRef uid="5" />
              <SequencePoints>
                <SequencePoint vc="0" uspid="19" ordinal="0" sl="19" sc="1" el="19" ec="2" bec="0" bev="0" fileid="5" />
                <SequencePoint vc="0" uspid="20" ordinal="1" sl="20" sc="1" el="20" ec="2" bec="2" bev="0" fileid="5" />
                <SequencePoint vc="0" uspid="21" ordinal="2" sl="21" sc="1" el="21" ec="2" bec="0" bev="0" fileid="5" />
                <SequencePoint vc="0" uspid="22" ordinal="3" sl="22" sc="1" el="22" ec="2" bec="0" bev="0" fileid="5" />
                <SequencePoint vc="0" uspid="23" ordinal="4" sl="23" sc="1" el="23" ec="2" bec="0" bev="0" fileid="5" />
                <SequencePoint vc="0" uspid="26" ordinal="5" sl="26" sc="1" el="26" ec="2" bec="0" bev="0" fileid="5" />
                <SequencePoint vc="0" uspid="27" ordinal="6" sl="27" sc="1" el="27" ec="2" bec="0" bev="0" fileid="5" />
                <SequencePoint vc="0" uspid="28" ordinal="7" sl="28" sc="1" el="28" ec="2" bec="0" bev="0" fileid="5" />
                <SequencePoint vc="0" uspid="29" ordinal="8" sl="29" sc="1" el="29" ec="2" bec="0" bev="0" fileid="5" />
                <SequencePoint vc="0" uspid="30" ordinal="9" sl="30" sc="1" el="30" ec="2" bec="0" bev="0" fileid="5" />
                <SequencePoint vc="0" uspid="31" ordinal="10" sl="31" sc="1" el="31" ec="2" bec="0" bev="0" fileid="5" />
                <SequencePoint vc="0" uspid="32" ordinal="11" sl="32" sc="1" el="32" ec="2" bec="0" bev="0" fileid="5" />
                <SequencePoint vc="0" uspid="33" ordinal="12" sl="33" sc="1" el="33" ec="2" bec="0" bev="0" fileid="5" />
              </SequencePoints>
              <BranchPoints>
                <BranchPoint vc="0" uspid="20" ordinal="0" path="0" offset="10" offsetend="12" sl="20" fileid="5" />
                <BranchPoint vc="0" uspid="20" ordinal="1" path="1" offset="10" offsetend="22" sl="20" fileid="5" />
              </BranchPoints>
              <MethodPoint vc="0" uspid="0" p8:type="SequencePoint" ordinal="0" offset="0" sc="0" sl="19" ec="1" el="33" bec="0" bev="0" fileid="5" xmlns:p8="xsi" />
            </Method>
            <Method cyclomaticComplexity="10" nPathComplexity="10" sequenceCoverage="0" branchCoverage="0" isConstructor="False" isGetter="False" isSetter="False" isStatic="True">
              <Summary numSequencePoints="32" visitedSequencePoints="0" numBranchPoints="10" visitedBranchPoints="0" sequenceCoverage="0" branchCoverage="0" maxCyclomaticComplexity="10" minCyclomaticComplexity="10" visitedClasses="0" numClasses="0" visitedMethods="0" numMethods="1" />
              <MetadataToken />
              <Name>FilmKirala.Application.DTOs.MovieListDto MessagePack.GeneratedMessagePackResolver/FilmKirala/Application/DTOs/MovieListDtoFormatter::Deserialize(MessagePack.MessagePackReader&amp;,MessagePack.MessagePackSerializerOptions)</Name>
              <FileRef uid="5" />
              <SequencePoints>
                <SequencePoint vc="0" uspid="36" ordinal="0" sl="36" sc="1" el="36" ec="2" bec="0" bev="0" fileid="5" />
                <SequencePoint vc="0" uspid="37" ordinal="1" sl="37" sc="1" el="37" ec="2" bec="2" bev="0" fileid="5" />
                <SequencePoint vc="0" uspid="38" ordinal="2" sl="38" sc="1" el="38" ec="2" bec="0" bev="0" fileid="5" />
                <SequencePoint vc="0" uspid="39" ordinal="3" sl="39" sc="1" el="39" ec="2" bec="0" bev="0" fileid="5" />
                <SequencePoint vc="0" uspid="42" ordinal="4" sl="42" sc="1" el="42" ec="2" bec="0" bev="0" fileid="5" />
                <SequencePoint vc="0" uspid="43" ordinal="5" sl="43" sc="1" el="43" ec="2" bec="0" bev="0" fileid="5" />
                <SequencePoint vc="0" uspid="44" ordinal="6" sl="44" sc="1" el="44" ec="2" bec="0" bev="0" fileid="5" />
                <SequencePoint vc="0" uspid="45" ordinal="7" sl="45" sc="1" el="45" ec="2" bec="0" bev="0" fileid="5" />
                <SequencePoint vc="0" uspid="46" ordinal="8" sl="46" sc="1" el="46" ec="2" bec="0" bev="0" fileid="5" />
                <SequencePoint vc="0" uspid="47" ordinal="9" sl="47" sc="1" el="47" ec="2" bec="0" bev="0" fileid="5" />
                <SequencePoint vc="0" uspid="48" ordinal="10" sl="48" sc="1" el="48" ec="2" bec="0" bev="0" fileid="5" />
                <SequencePoint vc="0" uspid="49" ordinal="11" sl="49" sc="1" el="49" ec="2" bec="0" bev="0" fileid="5" />
                <SequencePoint vc="0" uspid="51" ordinal="12" sl="51" sc="1" el="51" ec="2" bec="2" bev="0" fileid="5" />
                <SequencePoint vc="0" uspid="52" ordinal="13" sl="52" sc="1" el="52" ec="2" bec="0" bev="0" fileid="5" />
                <SequencePoint vc="0" uspid="53" ordinal="14" sl="53" sc="1" el="53" ec="2" bec="6" bev="0" fileid="5" />
                <SequencePoint vc="0" uspid="56" ordinal="15" sl="56" sc="1" el="56" ec="2" bec="0" bev="0" fileid="5" />
                <SequencePoint vc="0" uspid="57" ordinal="16" sl="57" sc="1" el="57" ec="2" bec="0" bev="0" fileid="5" />
                <SequencePoint vc="0" uspid="59" ordinal="17" sl="59" sc="1" el="59" ec="2" bec="0" bev="0" fileid="5" />
                <SequencePoint vc="0" uspid="60" ordinal="18" sl="60" sc="1" el="60" ec="2" bec="0" bev="0" fileid="5" />
                <SequencePoint vc="0" uspid="62" ordinal="19" sl="62" sc="1" el="62" ec="2" bec="0" bev="0" fileid="5" />
                <SequencePoint vc="0" uspid="63" ordinal="20" sl="63" sc="1" el="63" ec="2" bec="0" bev="0" fileid="5" />
                <SequencePoint vc="0" uspid="65" ordinal="21" sl="65" sc="1" el="65" ec="2" bec="0" bev="0" fileid="5" />
                <SequencePoint vc="0" uspid="66" ordinal="22" sl="66" sc="1" el="66" ec="2" bec="0" bev="0" fileid="5" />
                <SequencePoint vc="0" uspid="68" ordinal="23" sl="68" sc="1" el="68" ec="2" bec="0" bev="0" fileid="5" />
                <SequencePoint vc="0" uspid="69" ordinal="24" sl="69" sc="1" el="69" ec="2" bec="0" bev="0" fileid="5" />
                <SequencePoint vc="0" uspid="71" ordinal="25" sl="71" sc="1" el="71" ec="2" bec="0" bev="0" fileid="5" />
                <SequencePoint vc="0" uspid="72" ordinal="26" sl="72" sc="1" el="72" ec="2" bec="0" bev="0" fileid="5" />
                <SequencePoint vc="0" uspid="74" ordinal="27" sl="74" sc="1" el="74" ec="2" bec="0" bev="0" fileid="5" />
                <SequencePoint vc="0" uspid="76" ordinal="28" sl="76" sc="1" el="76" ec="2" bec="0" bev="0" fileid="5" />
                <SequencePoint vc="0" uspid="77" ordinal="29" sl="77" sc="1" el="77" ec="2" bec="0" bev="0" fileid="5" />
                <SequencePoint vc="0" uspid="78" ordinal="30" sl="78" sc="1" el="78" ec="2" bec="0" bev="0" fileid="5" />
                <SequencePoint vc="0" uspid="79" ordinal="31" sl="79" sc="1" el="79" ec="2" bec="0" bev="0" fileid="5" />
              </SequencePoints>
              <BranchPoints>
                <BranchPoint vc="0" uspid="37" ordinal="0" path="0" offset="11" offsetend="13" sl="37" fileid="5" />
                <BranchPoint vc="0" uspid="37" ordinal="1" path="1" offset="11" offsetend="22" sl="37" fileid="5" />
                <BranchPoint vc="0" uspid="51" ordinal="9" path="1" offset="200" offsetend="75" sl="51" fileid="5" />
                <BranchPoint vc="0" uspid="53" ordinal="3" path="1" offset="86" offsetend="113" sl="53" fileid="5" />
                <BranchPoint vc="0" uspid="53" ordinal="4" path="2" offset="86" offsetend="122" sl="53" fileid="5" />
                <BranchPoint vc="0" uspid="53" ordinal="5" path="3" offset="86" offsetend="138" sl="53" fileid="5" />
                <BranchPoint vc="0" uspid="53" ordinal="6" path="4" offset="86" offsetend="155" sl="53" fileid="5" />
                <BranchPoint vc="0" uspid="53" ordinal="7" path="5" offset="86" offsetend="165" sl="53" fileid="5" />
                <BranchPoint vc="0" uspid="53" ordinal="2" path="0" offset="86" offsetend="175" sl="53" fileid="5" />
                <BranchPoint vc="0" uspid="51" ordinal="8" path="0" offset="200" offsetend="202" sl="51" fileid="5" />
              </BranchPoints>
              <MethodPoint vc="0" uspid="0" p8:type="SequencePoint" ordinal="1" offset="1" sc="0" sl="36" ec="1" el="79" bec="0" bev="0" fileid="5" xmlns:p8="xsi" />
            </Method>
          </Methods>
        </Class>
        <Class>
          <Summary numSequencePoints="37" visitedSequencePoints="0" numBranchPoints="10" visitedBranchPoints="0" sequenceCoverage="0" branchCoverage="0" maxCyclomaticComplexity="8" minCyclomaticComplexity="2" visitedClasses="0" numClasses="1" visitedMethods="0" numMethods="2" />
          <FullName>MessagePack.GeneratedMessagePackResolver/FilmKirala/Application/DTOs/PricingDtoFormatter</FullName>
          <Methods>
            <Method cyclomaticComplexity="2" nPathComplexity="2" sequenceCoverage="0" branchCoverage="0" isConstructor="False" isGetter="False" isSetter="False" isStatic="True">
              <Summary numSequencePoints="11" visitedSequencePoints="0" numBranchPoints="2" visitedBranchPoints="0" sequenceCoverage="0" branchCoverage="0" maxCyclomaticComplexity="2" minCyclomaticComplexity="2" visitedClasses="0" numClasses="0" visitedMethods="0" numMethods="1" />
              <MetadataToken />
              <Name>System.Void MessagePack.GeneratedMessagePackResolver/FilmKirala/Application/DTOs/PricingDtoFormatter::Serialize(MessagePack.MessagePackWriter&amp;,FilmKirala.Application.DTOs.PricingDto,MessagePack.MessagePackSerializerOptions)</Name>
              <FileRef uid="6" />
              <SequencePoints>
                <SequencePoint vc="0" uspid="19" ordinal="0" sl="19" sc="1" el="19" ec="2" bec="0" bev="0" fileid="6" />
                <SequencePoint vc="0" uspid="20" ordinal="1" sl="20" sc="1" el="20" ec="2" bec="2" bev="0" fileid="6" />
                <SequencePoint vc="0" uspid="21" ordinal="2" sl="21" sc="1" el="21" ec="2" bec="0" bev="0" fileid="6" />
                <SequencePoint vc="0" uspid="22" ordinal="3" sl="22" sc="1" el="22" ec="2" bec="0" bev="0" fileid="6" />
                <SequencePoint vc="0" uspid="23" ordinal="4" sl="23" sc="1" el="23" ec="2" bec="0" bev="0" fileid="6" />
                <SequencePoint vc="0" uspid="26" ordinal="5" sl="26" sc="1" el="26" ec="2" bec="0" bev="0" fileid="6" />
                <SequencePoint vc="0" uspid="27" ordinal="6" sl="27" sc="1" el="27" ec="2" bec="0" bev="0" fileid="6" />
                <SequencePoint vc="0" uspid="28" ordinal="7" sl="28" sc="1" el="28" ec="2" bec="0" bev="0" fileid="6" />
                <SequencePoint vc="0" uspid="29" ordinal="8" sl="29" sc="1" el="29" ec="2" bec="0" bev="0" fileid="6" />
                <SequencePoint vc="0" uspid="30" ordinal="9" sl="30" sc="1" el="30" ec="2" bec="0" bev="0" fileid="6" />
                <SequencePoint vc="0" uspid="31" ordinal="10" sl="31" sc="1" el="31" ec="2" bec="0" bev="0" fileid="6" />
              </SequencePoints>
              <BranchPoints>
                <BranchPoint vc="0" uspid="20" ordinal="0" path="0" offset="10" offsetend="12" sl="20" fileid="6" />
                <BranchPoint vc="0" uspid="20" ordinal="1" path="1" offset="10" offsetend="22" sl="20" fileid="6" />
              </BranchPoints>
              <MethodPoint vc="0" uspid="0" p8:type="SequencePoint" ordinal="0" offset="0" sc="0" sl="19" ec="1" el="31" bec="0" bev="0" fileid="6" xmlns:p8="xsi" />
            </Method>
            <Method cyclomaticComplexity="8" nPathComplexity="8" sequenceCoverage="0" branchCoverage="0" isConstructor="False" isGetter="False" isSetter="False" isStatic="True">
              <Summary numSequencePoints="26" visitedSequencePoints="0" numBranchPoints="8" visitedBranchPoints="0" sequenceCoverage="0" branchCoverage="0" maxCyclomaticComplexity="8" minCyclomaticComplexity="8" visitedClasses="0" numClasses="0" visitedMethods="0" numMethods="1" />
              <MetadataToken />
              <Name>FilmKirala.Application.DTOs.PricingDto MessagePack.GeneratedMessagePackResolver/FilmKirala/Application/DTOs/PricingDtoFormatter::Deserialize(MessagePack.MessagePackReader&amp;,MessagePack.MessagePackSerializerOptions)</Name>
              <FileRef uid="6" />
              <SequencePoints>
                <SequencePoint vc="0" uspid="34" ordinal="0" sl="34" sc="1" el="34" ec="2" bec="0" bev="0" fileid="6" />
                <SequencePoint vc="0" uspid="35" ordinal="1" sl="35" sc="1" el="35" ec="2" bec="2" bev="0" fileid="6" />
                <SequencePoint vc="0" uspid="36" ordinal="2" sl="36" sc="1" el="36" ec="2" bec="0" bev="0" fileid="6" />
                <SequencePoint vc="0" uspid="37" ordinal="3" sl="37" sc="1" el="37" ec="2" bec="0" bev="0" fileid="6" />
                <SequencePoint vc="0" uspid="40" ordinal="4" sl="40" sc="1" el="40" ec="2" bec="0" bev="0" fileid="6" />
                <SequencePoint vc="0" uspid="41" ordinal="5" sl="41" sc="1" el="41" ec="2" bec="0" bev="0" fileid="6" />
                <SequencePoint vc="0" uspid="42" ordinal="6" sl="42" sc="1" el="42" ec="2" bec="0" bev="0" fileid="6" />
                <SequencePoint vc="0" uspid="43" ordinal="7" sl="43" sc="1" el="43" ec="2" bec="0" bev="0" fileid="6" />
                <SequencePoint vc="0" uspid="44" ordinal="8" sl="44" sc="1" el="44" ec="2" bec="0" bev="0" fileid="6" />
                <SequencePoint vc="0" uspid="45" ordinal="9" sl="45" sc="1" el="45" ec="2" bec="0" bev="0" fileid="6" />
                <SequencePoint vc="0" uspid="47" ordinal="10" sl="47" sc="1" el="47" ec="2" bec="2" bev="0" fileid="6" />
                <SequencePoint vc="0" uspid="48" ordinal="11" sl="48" sc="1" el="48" ec="2" bec="0" bev="0" fileid="6" />
                <SequencePoint vc="0" uspid="49" ordinal="12" sl="49" sc="1" el="49" ec="2" bec="4" bev="0" fileid="6" />
                <SequencePoint vc="0" uspid="52" ordinal="13" sl="52" sc="1" el="52" ec="2" bec="0" bev="0" fileid="6" />
                <SequencePoint vc="0" uspid="53" ordinal="14" sl="53" sc="1" el="53" ec="2" bec="0" bev="0" fileid="6" />
                <SequencePoint vc="0" uspid="55" ordinal="15" sl="55" sc="1" el="55" ec="2" bec="0" bev="0" fileid="6" />
                <SequencePoint vc="0" uspid="56" ordinal="16" sl="56" sc="1" el="56" ec="2" bec="0" bev="0" fileid="6" />
                <SequencePoint vc="0" uspid="58" ordinal="17" sl="58" sc="1" el="58" ec="2" bec="0" bev="0" fileid="6" />
                <SequencePoint vc="0" uspid="59" ordinal="18" sl="59" sc="1" el="59" ec="2" bec="0" bev="0" fileid="6" />
                <SequencePoint vc="0" uspid="61" ordinal="19" sl="61" sc="1" el="61" ec="2" bec="0" bev="0" fileid="6" />
                <SequencePoint vc="0" uspid="62" ordinal="20" sl="62" sc="1" el="62" ec="2" bec="0" bev="0" fileid="6" />
                <SequencePoint vc="0" uspid="64" ordinal="21" sl="64" sc="1" el="64" ec="2" bec="0" bev="0" fileid="6" />
                <SequencePoint vc="0" uspid="66" ordinal="22" sl="66" sc="1" el="66" ec="2" bec="0" bev="0" fileid="6" />
                <SequencePoint vc="0" uspid="67" ordinal="23" sl="67" sc="1" el="67" ec="2" bec="0" bev="0" fileid="6" />
                <SequencePoint vc="0" uspid="68" ordinal="24" sl="68" sc="1" el="68" ec="2" bec="0" bev="0" fileid="6" />
                <SequencePoint vc="0" uspid="69" ordinal="25" sl="69" sc="1" el="69" ec="2" bec="0" bev="0" fileid="6" />
              </SequencePoints>
              <BranchPoints>
                <BranchPoint vc="0" uspid="35" ordinal="0" path="0" offset="11" offsetend="13" sl="35" fileid="6" />
                <BranchPoint vc="0" uspid="35" ordinal="1" path="1" offset="11" offsetend="22" sl="35" fileid="6" />
                <BranchPoint vc="0" uspid="47" ordinal="7" path="1" offset="151" offsetend="61" sl="47" fileid="6" />
                <BranchPoint vc="0" uspid="49" ordinal="3" path="1" offset="72" offsetend="91" sl="49" fileid="6" />
                <BranchPoint vc="0" uspid="49" ordinal="4" path="2" offset="72" offsetend="107" sl="49" fileid="6" />
                <BranchPoint vc="0" uspid="49" ordinal="5" path="3" offset="72" offsetend="116" sl="49" fileid="6" />
                <BranchPoint vc="0" uspid="49" ordinal="2" path="0" offset="72" offsetend="126" sl="49" fileid="6" />
                <BranchPoint vc="0" uspid="47" ordinal="6" path="0" offset="151" offsetend="153" sl="47" fileid="6" />
              </BranchPoints>
              <MethodPoint vc="0" uspid="0" p8:type="SequencePoint" ordinal="1" offset="1" sc="0" sl="34" ec="1" el="69" bec="0" bev="0" fileid="6" xmlns:p8="xsi" />
            </Method>
          </Methods>
        </Class>
        <Class>
          <Summary numSequencePoints="45" visitedSequencePoints="0" numBranchPoints="12" visitedBranchPoints="0" sequenceCoverage="0" branchCoverage="0" maxCyclomaticComplexity="10" minCyclomaticComplexity="2" visitedClasses="0" numClasses="1" visitedMethods="0" numMethods="2" />
          <FullName>MessagePack.GeneratedMessagePackResolver/FilmKirala/Application/DTOs/ReviewDtoFormatter</FullName>
          <Methods>
            <Method cyclomaticComplexity="2" nPathComplexity="2" sequenceCoverage="0" branchCoverage="0" isConstructor="False" isGetter="False" isSetter="False" isStatic="True">
              <Summary numSequencePoints="13" visitedSequencePoints="0" numBranchPoints="2" visitedBranchPoints="0" sequenceCoverage="0" branchCoverage="0" maxCyclomaticComplexity="2" minCyclomaticComplexity="2" visitedClasses="0" numClasses="0" visitedMethods="0" numMethods="1" />
              <MetadataToken />
              <Name>System.Void MessagePack.GeneratedMessagePackResolver/FilmKirala/Application/DTOs/ReviewDtoFormatter::Serialize(MessagePack.MessagePackWriter&amp;,FilmKirala.Application.DTOs.ReviewDto,MessagePack.MessagePackSerializerOptions)</Name>
              <FileRef uid="7" />
              <SequencePoints>
                <SequencePoint vc="0" uspid="19" ordinal="0" sl="19" sc="1" el="19" ec="2" bec="0" bev="0" fileid="7" />
                <SequencePoint vc="0" uspid="20" ordinal="1" sl="20" sc="1" el="20" ec="2" bec="2" bev="0" fileid="7" />
                <SequencePoint vc="0" uspid="21" ordinal="2" sl="21" sc="1" el="21" ec="2" bec="0" bev="0" fileid="7" />
                <SequencePoint vc="0" uspid="22" ordinal="3" sl="22" sc="1" el="22" ec="2" bec="0" bev="0" fileid="7" />
                <SequencePoint vc="0" uspid="23" ordinal="4" sl="23" sc="1" el="23" ec="2" bec="0" bev="0" fileid="7" />
                <SequencePoint vc="0" uspid="26" ordinal="5" sl="26" sc="1" el="26" ec="2" bec="0" bev="0" fileid="7" />
                <SequencePoint vc="0" uspid="27" ordinal="6" sl="27" sc="1" el="27" ec="2" bec="0" bev="0" fileid="7" />
                <SequencePoint vc="0" uspid="28" ordinal="7" sl="28" sc="1" el="28" ec="2" bec="0" bev="0" fileid="7" />
                <SequencePoint vc="0" uspid="29" ordinal="8" sl="29" sc="1" el="29" ec="2" bec="0" bev="0" fileid="7" />
                <SequencePoint vc="0" uspid="30" ordinal="9" sl="30" sc="1" el="30" ec="2" bec="0" bev="0" fileid="7" />
                <SequencePoint vc="0" uspid="31" ordinal="10" sl="31" sc="1" el="31" ec="2" bec="0" bev="0" fileid="7" />
                <SequencePoint vc="0" uspid="32" ordinal="11" sl="32" sc="1" el="32" ec="2" bec="0" bev="0" fileid="7" />
                <SequencePoint vc="0" uspid="33" ordinal="12" sl="33" sc="1" el="33" ec="2" bec="0" bev="0" fileid="7" />
              </SequencePoints>
              <BranchPoints>
                <BranchPoint vc="0" uspid="20" ordinal="0" path="0" offset="10" offsetend="12" sl="20" fileid="7" />
                <BranchPoint vc="0" uspid="20" ordinal="1" path="1" offset="10" offsetend="22" sl="20" fileid="7" />
              </BranchPoints>
              <MethodPoint vc="0" uspid="0" p8:type="SequencePoint" ordinal="0" offset="0" sc="0" sl="19" ec="1" el="33" bec="0" bev="0" fileid="7" xmlns:p8="xsi" />
            </Method>
            <Method cyclomaticComplexity="10" nPathComplexity="10" sequenceCoverage="0" branchCoverage="0" isConstructor="False" isGetter="False" isSetter="False" isStatic="True">
              <Summary numSequencePoints="32" visitedSequencePoints="0" numBranchPoints="10" visitedBranchPoints="0" sequenceCoverage="0" branchCoverage="0" maxCyclomaticComplexity="10" minCyclomaticComplexity="10" visitedClasses="0" numClasses="0" visitedMethods="0" numMethods="1" />
              <MetadataToken />
              <Name>FilmKirala.Application.DTOs.ReviewDto MessagePack.GeneratedMessagePackResolver/FilmKirala/Application/DTOs/ReviewDtoFormatter::Deserialize(MessagePack.MessagePackReader&amp;,MessagePack.MessagePackSerializerOptions)</Name>
              <FileRef uid="7" />
              <SequencePoints>
                <SequencePoint vc="0" uspid="36" ordinal="0" sl="36" sc="1" el="36" ec="2" bec="0" bev="0" fileid="7" />
                <SequencePoint vc="0" uspid="37" ordinal="1" sl="37" sc="1" el="37" ec="2" bec="2" bev="0" fileid="7" />
                <SequencePoint vc="0" uspid="38" ordinal="2" sl="38" sc="1" el="38" ec="2" bec="0" bev="0" fileid="7" />
                <SequencePoint vc="0" uspid="39" ordinal="3" sl="39" sc="1" el="39" ec="2" bec="0" bev="0" fileid="7" />
                <SequencePoint vc="0" uspid="42" ordinal="4" sl="42" sc="1" el="42" ec="2" bec="0" bev="0" fileid="7" />
                <SequencePoint vc="0" uspid="43" ordinal="5" sl="43" sc="1" el="43" ec="2" bec="0" bev="0" fileid="7" />
                <SequencePoint vc="0" uspid="44" ordinal="6" sl="44" sc="1" el="44" ec="2" bec="0" bev="0" fileid="7" />
                <SequencePoint vc="0" uspid="45" ordinal="7" sl="45" sc="1" el="45" ec="2" bec="0" bev="0" fileid="7" />
                <SequencePoint vc="0" uspid="46" ordinal="8" sl="46" sc="1" el="46" ec="2" bec="0" bev="0" fileid="7" />
                <SequencePoint vc="0" uspid="47" ordinal="9" sl="47" sc="1" el="47" ec="2" bec="0" bev="0" fileid="7" />
                <SequencePoint vc="0" uspid="48" ordinal="10" sl="48" sc="1" el="48" ec="2" bec="0" bev="0" fileid="7" />
                <SequencePoint vc="0" uspid="49" ordinal="11" sl="49" sc="1" el="49" ec="2" bec="0" bev="0" fileid="7" />
                <SequencePoint vc="0" uspid="51" ordinal="12" sl="51" sc="1" el="51" ec="2" bec="2" bev="0" fileid="7" />
                <SequencePoint vc="0" uspid="52" ordinal="13" sl="52" sc="1" el="52" ec="2" bec="0" bev="0" fileid="7" />
                <SequencePoint vc="0" uspid="53" ordinal="14" sl="53" sc="1" el="53" ec="2" bec="6" bev="0" fileid="7" />
                <SequencePoint vc="0" uspid="56" ordinal="15" sl="56" sc="1" el="56" ec="2" bec="0" bev="0" fileid="7" />
                <SequencePoint vc="0" uspid="57" ordinal="16" sl="57" sc="1" el="57" ec="2" bec="0" bev="0" fileid="7" />
                <SequencePoint vc="0" uspid="59" ordinal="17" sl="59" sc="1" el="59" ec="2" bec="0" bev="0" fileid="7" />
                <SequencePoint vc="0" uspid="60" ordinal="18" sl="60" sc="1" el="60" ec="2" bec="0" bev="0" fileid="7" />
                <SequencePoint vc="0" uspid="62" ordinal="19" sl="62" sc="1" el="62" ec="2" bec="0" bev="0" fileid="7" />
                <SequencePoint vc="0" uspid="63" ordinal="20" sl="63" sc="1" el="63" ec="2" bec="0" bev="0" fileid="7" />
                <SequencePoint vc="0" uspid="65" ordinal="21" sl="65" sc="1" el="65" ec="2" bec="0" bev="0" fileid="7" />
                <SequencePoint vc="0" uspid="66" ordinal="22" sl="66" sc="1" el="66" ec="2" bec="0" bev="0" fileid="7" />
                <SequencePoint vc="0" uspid="68" ordinal="23" sl="68" sc="1" el="68" ec="2" bec="0" bev="0" fileid="7" />
                <SequencePoint vc="0" uspid="69" ordinal="24" sl="69" sc="1" el="69" ec="2" bec="0" bev="0" fileid="7" />
                <SequencePoint vc="0" uspid="71" ordinal="25" sl="71" sc="1" el="71" ec="2" bec="0" bev="0" fileid="7" />
                <SequencePoint vc="0" uspid="72" ordinal="26" sl="72" sc="1" el="72" ec="2" bec="0" bev="0" fileid="7" />
                <SequencePoint vc="0" uspid="74" ordinal="27" sl="74" sc="1" el="74" ec="2" bec="0" bev="0" fileid="7" />
                <SequencePoint vc="0" uspid="76" ordinal="28" sl="76" sc="1" el="76" ec="2" bec="0" bev="0" fileid="7" />
                <SequencePoint vc="0" uspid="77" ordinal="29" sl="77" sc="1" el="77" ec="2" bec="0" bev="0" fileid="7" />
                <SequencePoint vc="0" uspid="78" ordinal="30" sl="78" sc="1" el="78" ec="2" bec="0" bev="0" fileid="7" />
                <SequencePoint vc="0" uspid="79" ordinal="31" sl="79" sc="1" el="79" ec="2" bec="0" bev="0" fileid="7" />
              </SequencePoints>
              <BranchPoints>
                <BranchPoint vc="0" uspid="37" ordinal="0" path="0" offset="11" offsetend="13" sl="37" fileid="7" />
                <BranchPoint vc="0" uspid="37" ordinal="1" path="1" offset="11" offsetend="22" sl="37" fileid="7" />
                <BranchPoint vc="0" uspid="51" ordinal="9" path="1" offset="204" offsetend="72" sl="51" fileid="7" />
                <BranchPoint vc="0" uspid="53" ordinal="3" path="1" offset="83" offsetend="110" sl="53" fileid="7" />
                <BranchPoint vc="0" uspid="53" ordinal="4" path="2" offset="83" offsetend="119" sl="53" fileid="7" />
                <BranchPoint vc="0" uspid="53" ordinal="5" path="3" offset="83" offsetend="135" sl="53" fileid="7" />
                <BranchPoint vc="0" uspid="53" ordinal="6" path="4" offset="83" offsetend="152" sl="53" fileid="7" />
[...]
                <SequencePoint vc="0" uspid="186" ordinal="162" sl="186" sc="1" el="186" ec="2" bec="0" bev="0" fileid="56" />
                <SequencePoint vc="0" uspid="187" ordinal="163" sl="187" sc="1" el="187" ec="2" bec="0" bev="0" fileid="56" />
                <SequencePoint vc="0" uspid="188" ordinal="164" sl="188" sc="1" el="188" ec="2" bec="0" bev="0" fileid="56" />
                <SequencePoint vc="0" uspid="189" ordinal="165" sl="189" sc="1" el="189" ec="2" bec="0" bev="0" fileid="56" />
                <SequencePoint vc="0" uspid="190" ordinal="166" sl="190" sc="1" el="190" ec="2" bec="0" bev="0" fileid="56" />
                <SequencePoint vc="0" uspid="191" ordinal="167" sl="191" sc="1" el="191" ec="2" bec="0" bev="0" fileid="56" />
                <SequencePoint vc="0" uspid="192" ordinal="168" sl="192" sc="1" el="192" ec="2" bec="0" bev="0" fileid="56" />
                <SequencePoint vc="0" uspid="193" ordinal="169" sl="193" sc="1" el="193" ec="2" bec="0" bev="0" fileid="56" />
                <SequencePoint vc="0" uspid="194" ordinal="170" sl="194" sc="1" el="194" ec="2" bec="0" bev="0" fileid="56" />
                <SequencePoint vc="0" uspid="195" ordinal="171" sl="195" sc="1" el="195" ec="2" bec="0" bev="0" fileid="56" />
                <SequencePoint vc="0" uspid="196" ordinal="172" sl="196" sc="1" el="196" ec="2" bec="0" bev="0" fileid="56" />
                <SequencePoint vc="0" uspid="197" ordinal="173" sl="197" sc="1" el="197" ec="2" bec="0" bev="0" fileid="56" />
                <SequencePoint vc="0" uspid="198" ordinal="174" sl="198" sc="1" el="198" ec="2" bec="0" bev="0" fileid="56" />
                <SequencePoint vc="0" uspid="199" ordinal="175" sl="199" sc="1" el="199" ec="2" bec="0" bev="0" fileid="56" />
                <SequencePoint vc="0" uspid="200" ordinal="176" sl="200" sc="1" el="200" ec="2" bec="0" bev="0" fileid="56" />
                <SequencePoint vc="0" uspid="201" ordinal="177" sl="201" sc="1" el="201" ec="2" bec="0" bev="0" fileid="56" />
                <SequencePoint vc="0" uspid="202" ordinal="178" sl="202" sc="1" el="202" ec="2" bec="0" bev="0" fileid="56" />
                <SequencePoint vc="0" uspid="203" ordinal="179" sl="203" sc="1" el="203" ec="2" bec="0" bev="0" fileid="56" />
                <SequencePoint vc="0" uspid="205" ordinal="180" sl="205" sc="1" el="205" ec="2" bec="0" bev="0" fileid="56" />
                <SequencePoint vc="0" uspid="206" ordinal="181" sl="206" sc="1" el="206" ec="2" bec="0" bev="0" fileid="56" />
                <SequencePoint vc="0" uspid="207" ordinal="182" sl="207" sc="1" el="207" ec="2" bec="0" bev="0" fileid="56" />
                <SequencePoint vc="0" uspid="208" ordinal="183" sl="208" sc="1" el="208" ec="2" bec="0" bev="0" fileid="56" />
                <SequencePoint vc="0" uspid="209" ordinal="184" sl="209" sc="1" el="209" ec="2" bec="0" bev="0" fileid="56" />
                <SequencePoint vc="0" uspid="210" ordinal="185" sl="210" sc="1" el="210" ec="2" bec="0" bev="0" fileid="56" />
                <SequencePoint vc="0" uspid="211" ordinal="186" sl="211" sc="1" el="211" ec="2" bec="0" bev="0" fileid="56" />
                <SequencePoint vc="0" uspid="212" ordinal="187" sl="212" sc="1" el="212" ec="2" bec="0" bev="0" fileid="56" />
                <SequencePoint vc="0" uspid="213" ordinal="188" sl="213" sc="1" el="213" ec="2" bec="0" bev="0" fileid="56" />
                <SequencePoint vc="0" uspid="214" ordinal="189" sl="214" sc="1" el="214" ec="2" bec="0" bev="0" fileid="56" />
                <SequencePoint vc="0" uspid="215" ordinal="190" sl="215" sc="1" el="215" ec="2" bec="0" bev="0" fileid="56" />
                <SequencePoint vc="0" uspid="216" ordinal="191" sl="216" sc="1" el="216" ec="2" bec="0" bev="0" fileid="56" />
                <SequencePoint vc="0" uspid="217" ordinal="192" sl="217" sc="1" el="217" ec="2" bec="0" bev="0" fileid="56" />
                <SequencePoint vc="0" uspid="218" ordinal="193" sl="218" sc="1" el="218" ec="2" bec="0" bev="0" fileid="56" />
                <SequencePoint vc="0" uspid="219" ordinal="194" sl="219" sc="1" el="219" ec="2" bec="0" bev="0" fileid="56" />
                <SequencePoint vc="0" uspid="220" ordinal="195" sl="220" sc="1" el="220" ec="2" bec="0" bev="0" fileid="56" />
                <SequencePoint vc="0" uspid="221" ordinal="196" sl="221" sc="1" el="221" ec="2" bec="0" bev="0" fileid="56" />
                <SequencePoint vc="0" uspid="222" ordinal="197" sl="222" sc="1" el="222" ec="2" bec="0" bev="0" fileid="56" />
                <SequencePoint vc="0" uspid="223" ordinal="198" sl="223" sc="1" el="223" ec="2" bec="0" bev="0" fileid="56" />
                <SequencePoint vc="0" uspid="224" ordinal="199" sl="224" sc="1" el="224" ec="2" bec="0" bev="0" fileid="56" />
                <SequencePoint vc="0" uspid="225" ordinal="200" sl="225" sc="1" el="225" ec="2" bec="0" bev="0" fileid="56" />
                <SequencePoint vc="0" uspid="226" ordinal="201" sl="226" sc="1" el="226" ec="2" bec="0" bev="0" fileid="56" />
                <SequencePoint vc="0" uspid="227" ordinal="202" sl="227" sc="1" el="227" ec="2" bec="0" bev="0" fileid="56" />
                <SequencePoint vc="0" uspid="228" ordinal="203" sl="228" sc="1" el="228" ec="2" bec="0" bev="0" fileid="56" />
                <SequencePoint vc="0" uspid="229" ordinal="204" sl="229" sc="1" el="229" ec="2" bec="0" bev="0" fileid="56" />
                <SequencePoint vc="0" uspid="230" ordinal="205" sl="230" sc="1" el="230" ec="2" bec="0" bev="0" fileid="56" />
                <SequencePoint vc="0" uspid="231" ordinal="206" sl="231" sc="1" el="231" ec="2" bec="0" bev="0" fileid="56" />
                <SequencePoint vc="0" uspid="232" ordinal="207" sl="232" sc="1" el="232" ec="2" bec="0" bev="0" fileid="56" />
                <SequencePoint vc="0" uspid="233" ordinal="208" sl="233" sc="1" el="233" ec="2" bec="0" bev="0" fileid="56" />
                <SequencePoint vc="0" uspid="234" ordinal="209" sl="234" sc="1" el="234" ec="2" bec="0" bev="0" fileid="56" />
                <SequencePoint vc="0" uspid="236" ordinal="210" sl="236" sc="1" el="236" ec="2" bec="0" bev="0" fileid="56" />
                <SequencePoint vc="0" uspid="237" ordinal="211" sl="237" sc="1" el="237" ec="2" bec="0" bev="0" fileid="56" />
                <SequencePoint vc="0" uspid="238" ordinal="212" sl="238" sc="1" el="238" ec="2" bec="0" bev="0" fileid="56" />
                <SequencePoint vc="0" uspid="239" ordinal="213" sl="239" sc="1" el="239" ec="2" bec="0" bev="0" fileid="56" />
                <SequencePoint vc="0" uspid="240" ordinal="214" sl="240" sc="1" el="240" ec="2" bec="0" bev="0" fileid="56" />
                <SequencePoint vc="0" uspid="241" ordinal="215" sl="241" sc="1" el="241" ec="2" bec="0" bev="0" fileid="56" />
                <SequencePoint vc="0" uspid="242" ordinal="216" sl="242" sc="1" el="242" ec="2" bec="0" bev="0" fileid="56" />
                <SequencePoint vc="0" uspid="243" ordinal="217" sl="243" sc="1" el="243" ec="2" bec="0" bev="0" fileid="56" />
                <SequencePoint vc="0" uspid="244" ordinal="218" sl="244" sc="1" el="244" ec="2" bec="0" bev="0" fileid="56" />
                <SequencePoint vc="0" uspid="245" ordinal="219" sl="245" sc="1" el="245" ec="2" bec="0" bev="0" fileid="56" />
                <SequencePoint vc="0" uspid="246" ordinal="220" sl="246" sc="1" el="246" ec="2" bec="0" bev="0" fileid="56" />
                <SequencePoint vc="0" uspid="247" ordinal="221" sl="247" sc="1" el="247" ec="2" bec="0" bev="0" fileid="56" />
                <SequencePoint vc="0" uspid="248" ordinal="222" sl="248" sc="1" el="248" ec="2" bec="0" bev="0" fileid="56" />
                <SequencePoint vc="0" uspid="249" ordinal="223" sl="249" sc="1" el="249" ec="2" bec="0" bev="0" fileid="56" />
                <SequencePoint vc="0" uspid="250" ordinal="224" sl="250" sc="1" el="250" ec="2" bec="0" bev="0" fileid="56" />
                <SequencePoint vc="0" uspid="251" ordinal="225" sl="251" sc="1" el="251" ec="2" bec="0" bev="0" fileid="56" />
                <SequencePoint vc="0" uspid="252" ordinal="226" sl="252" sc="1" el="252" ec="2" bec="0" bev="0" fileid="56" />
                <SequencePoint vc="0" uspid="253" ordinal="227" sl="253" sc="1" el="253" ec="2" bec="0" bev="0" fileid="56" />
                <SequencePoint vc="0" uspid="254" ordinal="228" sl="254" sc="1" el="254" ec="2" bec="0" bev="0" fileid="56" />
                <SequencePoint vc="0" uspid="255" ordinal="229" sl="255" sc="1" el="255" ec="2" bec="0" bev="0" fileid="56" />
                <SequencePoint vc="0" uspid="256" ordinal="230" sl="256" sc="1" el="256" ec="2" bec="0" bev="0" fileid="56" />
                <SequencePoint vc="0" uspid="257" ordinal="231" sl="257" sc="1" el="257" ec="2" bec="0" bev="0" fileid="56" />
                <SequencePoint vc="0" uspid="258" ordinal="232" sl="258" sc="1" el="258" ec="2" bec="0" bev="0" fileid="56" />
                <SequencePoint vc="0" uspid="259" ordinal="233" sl="259" sc="1" el="259" ec="2" bec="0" bev="0" fileid="56" />
                <SequencePoint vc="0" uspid="260" ordinal="234" sl="260" sc="1" el="260" ec="2" bec="0" bev="0" fileid="56" />
                <SequencePoint vc="0" uspid="261" ordinal="235" sl="261" sc="1" el="261" ec="2" bec="0" bev="0" fileid="56" />
                <SequencePoint vc="0" uspid="263" ordinal="236" sl="263" sc="1" el="263" ec="2" bec="0" bev="0" fileid="56" />
                <SequencePoint vc="0" uspid="264" ordinal="237" sl="264" sc="1" el="264" ec="2" bec="0" bev="0" fileid="56" />
                <SequencePoint vc="0" uspid="265" ordinal="238" sl="265" sc="1" el="265" ec="2" bec="0" bev="0" fileid="56" />
                <SequencePoint vc="0" uspid="266" ordinal="239" sl="266" sc="1" el="266" ec="2" bec="0" bev="0" fileid="56" />
                <SequencePoint vc="0" uspid="267" ordinal="240" sl="267" sc="1" el="267" ec="2" bec="0" bev="0" fileid="56" />
                <SequencePoint vc="0" uspid="268" ordinal="241" sl="268" sc="1" el="268" ec="2" bec="0" bev="0" fileid="56" />
                <SequencePoint vc="0" uspid="269" ordinal="242" sl="269" sc="1" el="269" ec="2" bec="0" bev="0" fileid="56" />
                <SequencePoint vc="0" uspid="270" ordinal="243" sl="270" sc="1" el="270" ec="2" bec="0" bev="0" fileid="56" />
                <SequencePoint vc="0" uspid="271" ordinal="244" sl="271" sc="1" el="271" ec="2" bec="0" bev="0" fileid="56" />
                <SequencePoint vc="0" uspid="272" ordinal="245" sl="272" sc="1" el="272" ec="2" bec="0" bev="0" fileid="56" />
                <SequencePoint vc="0" uspid="274" ordinal="246" sl="274" sc="1" el="274" ec="2" bec="0" bev="0" fileid="56" />
                <SequencePoint vc="0" uspid="275" ordinal="247" sl="275" sc="1" el="275" ec="2" bec="0" bev="0" fileid="56" />
                <SequencePoint vc="0" uspid="276" ordinal="248" sl="276" sc="1" el="276" ec="2" bec="0" bev="0" fileid="56" />
                <SequencePoint vc="0" uspid="277" ordinal="249" sl="277" sc="1" el="277" ec="2" bec="0" bev="0" fileid="56" />
                <SequencePoint vc="0" uspid="278" ordinal="250" sl="278" sc="1" el="278" ec="2" bec="0" bev="0" fileid="56" />
                <SequencePoint vc="0" uspid="279" ordinal="251" sl="279" sc="1" el="279" ec="2" bec="0" bev="0" fileid="56" />
                <SequencePoint vc="0" uspid="280" ordinal="252" sl="280" sc="1" el="280" ec="2" bec="0" bev="0" fileid="56" />
                <SequencePoint vc="0" uspid="281" ordinal="253" sl="281" sc="1" el="281" ec="2" bec="0" bev="0" fileid="56" />
                <SequencePoint vc="0" uspid="282" ordinal="254" sl="282" sc="1" el="282" ec="2" bec="0" bev="0" fileid="56" />
                <SequencePoint vc="0" uspid="283" ordinal="255" sl="283" sc="1" el="283" ec="2" bec="0" bev="0" fileid="56" />
                <SequencePoint vc="0" uspid="284" ordinal="256" sl="284" sc="1" el="284" ec="2" bec="0" bev="0" fileid="56" />
                <SequencePoint vc="0" uspid="285" ordinal="257" sl="285" sc="1" el="285" ec="2" bec="0" bev="0" fileid="56" />
                <SequencePoint vc="0" uspid="286" ordinal="258" sl="286" sc="1" el="286" ec="2" bec="0" bev="0" fileid="56" />
                <SequencePoint vc="0" uspid="287" ordinal="259" sl="287" sc="1" el="287" ec="2" bec="0" bev="0" fileid="56" />
                <SequencePoint vc="0" uspid="288" ordinal="260" sl="288" sc="1" el="288" ec="2" bec="0" bev="0" fileid="56" />
                <SequencePoint vc="0" uspid="289" ordinal="261" sl="289" sc="1" el="289" ec="2" bec="0" bev="0" fileid="56" />
                <SequencePoint vc="0" uspid="290" ordinal="262" sl="290" sc="1" el="290" ec="2" bec="0" bev="0" fileid="56" />
                <SequencePoint vc="0" uspid="291" ordinal="263" sl="291" sc="1" el="291" ec="2" bec="0" bev="0" fileid="56" />
                <SequencePoint vc="0" uspid="293" ordinal="264" sl="293" sc="1" el="293" ec="2" bec="0" bev="0" fileid="56" />
                <SequencePoint vc="0" uspid="294" ordinal="265" sl="294" sc="1" el="294" ec="2" bec="0" bev="0" fileid="56" />
                <SequencePoint vc="0" uspid="295" ordinal="266" sl="295" sc="1" el="295" ec="2" bec="0" bev="0" fileid="56" />
                <SequencePoint vc="0" uspid="296" ordinal="267" sl="296" sc="1" el="296" ec="2" bec="0" bev="0" fileid="56" />
                <SequencePoint vc="0" uspid="297" ordinal="268" sl="297" sc="1" el="297" ec="2" bec="0" bev="0" fileid="56" />
                <SequencePoint vc="0" uspid="298" ordinal="269" sl="298" sc="1" el="298" ec="2" bec="0" bev="0" fileid="56" />
                <SequencePoint vc="0" uspid="299" ordinal="270" sl="299" sc="1" el="299" ec="2" bec="0" bev="0" fileid="56" />
                <SequencePoint vc="0" uspid="300" ordinal="271" sl="300" sc="1" el="300" ec="2" bec="0" bev="0" fileid="56" />
                <SequencePoint vc="0" uspid="301" ordinal="272" sl="301" sc="1" el="301" ec="2" bec="0" bev="0" fileid="56" />
                <SequencePoint vc="0" uspid="302" ordinal="273" sl="302" sc="1" el="302" ec="2" bec="0" bev="0" fileid="56" />
                <SequencePoint vc="0" uspid="304" ordinal="274" sl="304" sc="1" el="304" ec="2" bec="0" bev="0" fileid="56" />
                <SequencePoint vc="0" uspid="305" ordinal="275" sl="305" sc="1" el="305" ec="2" bec="0" bev="0" fileid="56" />
                <SequencePoint vc="0" uspid="306" ordinal="276" sl="306" sc="1" el="306" ec="2" bec="0" bev="0" fileid="56" />
                <SequencePoint vc="0" uspid="307" ordinal="277" sl="307" sc="1" el="307" ec="2" bec="0" bev="0" fileid="56" />
                <SequencePoint vc="0" uspid="308" ordinal="278" sl="308" sc="1" el="308" ec="2" bec="0" bev="0" fileid="56" />
                <SequencePoint vc="0" uspid="309" ordinal="279" sl="309" sc="1" el="309" ec="2" bec="0" bev="0" fileid="56" />
                <SequencePoint vc="0" uspid="311" ordinal="280" sl="311" sc="1" el="311" ec="2" bec="0" bev="0" fileid="56" />
                <SequencePoint vc="0" uspid="312" ordinal="281" sl="312" sc="1" el="312" ec="2" bec="0" bev="0" fileid="56" />
                <SequencePoint vc="0" uspid="313" ordinal="282" sl="313" sc="1" el="313" ec="2" bec="0" bev="0" fileid="56" />
                <SequencePoint vc="0" uspid="314" ordinal="283" sl="314" sc="1" el="314" ec="2" bec="0" bev="0" fileid="56" />
                <SequencePoint vc="0" uspid="316" ordinal="284" sl="316" sc="1" el="316" ec="2" bec="0" bev="0" fileid="56" />
              </SequencePoints>
              <BranchPoints />
              <MethodPoint vc="0" uspid="0" p8:type="SequencePoint" ordinal="0" offset="0" sc="0" sl="17" ec="1" el="316" bec="0" bev="0" fileid="56" xmlns:p8="xsi" />
            </Method>
          </Methods>
        </Class>
      </Classes>
    </Module>
    <Module hash="3AF84ADA-9755-4994-ABE6-FDFED187ED54">
      <ModulePath>FilmKirala.Shared.dll</ModulePath>
      <ModuleTime>2026-02-17T02:02:56</ModuleTime>
      <ModuleName>FilmKirala.Shared</ModuleName>
      <Files>
        <File uid="57" fullPath="C:\Users\sebahattin\Desktop\Dengeage\3.Hafta\FilmKirala\FilmKirala\FilmKirala.Shared\Events\FilmRentedEvent.cs" />
      </Files>
      <Classes>
        <Class>
          <Summary numSequencePoints="3" visitedSequencePoints="3" numBranchPoints="0" visitedBranchPoints="0" sequenceCoverage="100" branchCoverage="100" maxCyclomaticComplexity="1" minCyclomaticComplexity="1" visitedClasses="1" numClasses="1" visitedMethods="3" numMethods="3" />
          <FullName>FilmKirala.Shared.Events.FilmRentedEvent</FullName>
          <Methods>
            <Method cyclomaticComplexity="1" nPathComplexity="1" sequenceCoverage="100" branchCoverage="100" isConstructor="False" isGetter="True" isSetter="False" isStatic="True">
              <Summary numSequencePoints="1" visitedSequencePoints="1" numBranchPoints="0" visitedBranchPoints="0" sequenceCoverage="100" branchCoverage="100" maxCyclomaticComplexity="1" minCyclomaticComplexity="1" visitedClasses="0" numClasses="0" visitedMethods="1" numMethods="1" />
              <MetadataToken />
              <Name>System.String FilmKirala.Shared.Events.FilmRentedEvent::get_Email()</Name>
              <FileRef uid="57" />
              <SequencePoints>
                <SequencePoint vc="3" uspid="6" ordinal="0" sl="6" sc="1" el="6" ec="2" bec="0" bev="0" fileid="57" />
              </SequencePoints>
              <BranchPoints />
              <MethodPoint vc="1" uspid="0" p8:type="SequencePoint" ordinal="0" offset="0" sc="0" sl="6" ec="1" el="6" bec="0" bev="0" fileid="57" xmlns:p8="xsi" />
            </Method>
            <Method cyclomaticComplexity="1" nPathComplexity="1" sequenceCoverage="100" branchCoverage="100" isConstructor="False" isGetter="True" isSetter="False" isStatic="True">
              <Summary numSequencePoints="1" visitedSequencePoints="1" numBranchPoints="0" visitedBranchPoints="0" sequenceCoverage="100" branchCoverage="100" maxCyclomaticComplexity="1" minCyclomaticComplexity="1" visitedClasses="0" numClasses="0" visitedMethods="1" numMethods="1" />
              <MetadataToken />
              <Name>System.String FilmKirala.Shared.Events.FilmRentedEvent::get_Subject()</Name>
              <FileRef uid="57" />
              <SequencePoints>
                <SequencePoint vc="3" uspid="7" ordinal="0" sl="7" sc="1" el="7" ec="2" bec="0" bev="0" fileid="57" />
              </SequencePoints>
              <BranchPoints />
              <MethodPoint vc="1" uspid="0" p8:type="SequencePoint" ordinal="1" offset="1" sc="0" sl="7" ec="1" el="7" bec="0" bev="0" fileid="57" xmlns:p8="xsi" />
            </Method>
            <Method cyclomaticComplexity="1" nPathComplexity="1" sequenceCoverage="100" branchCoverage="100" isConstructor="False" isGetter="True" isSetter="False" isStatic="True">
              <Summary numSequencePoints="1" visitedSequencePoints="1" numBranchPoints="0" visitedBranchPoints="0" sequenceCoverage="100" branchCoverage="100" maxCyclomaticComplexity="1" minCyclomaticComplexity="1" visitedClasses="0" numClasses="0" visitedMethods="1" numMethods="1" />
              <MetadataToken />
              <Name>System.String FilmKirala.Shared.Events.FilmRentedEvent::get_Message()</Name>
              <FileRef uid="57" />
              <SequencePoints>
                <SequencePoint vc="3" uspid="8" ordinal="0" sl="8" sc="1" el="8" ec="2" bec="0" bev="0" fileid="57" />
              </SequencePoints>
              <BranchPoints />
              <MethodPoint vc="1" uspid="0" p8:type="SequencePoint" ordinal="2" offset="2" sc="0" sl="8" ec="1" el="8" bec="0" bev="0" fileid="57" xmlns:p8="xsi" />
            </Method>
          </Methods>
        </Class>
      </Classes>
    </Module>
  </Modules>
</CoverageSession>